<?xml version="1.0" encoding="UTF-8"?>
<!-- Generated by org.testng.reporters.JUnitReportReporter -->
<testsuite hostname="DESKTOP-IO56PCV" failures="1" tests="50" name="Testcases2.Users_Page_Testcases" time="356.321" errors="0" timestamp="2022-07-27T20:24:47 IST" skipped="0">
  <testcase classname="Testcases2.Users_Page_Testcases" name="login" time="10.612"/>
  <system-out/>
  <testcase classname="Testcases2.Users_Page_Testcases" name="Check_Admin_menu_clickable" time="5.081"/>
  <system-out/>
  <testcase classname="Testcases2.Users_Page_Testcases" name="Check_users_menu_display" time="0.078"/>
  <system-out/>
  <testcase classname="Testcases2.Users_Page_Testcases" name="Check_users_menu_Clickable" time="5.078"/>
  <system-out/>
  <testcase classname="Testcases2.Users_Page_Testcases" name="Check_user_webpage_title" time="0.027"/>
  <system-out/>
  <testcase classname="Testcases2.Users_Page_Testcases" name="check_Users_page_header" time="0.040"/>
  <system-out/>
  <testcase classname="Testcases2.Users_Page_Testcases" name="Roles_field_label_text" time="0.036"/>
  <system-out/>
  <testcase classname="Testcases2.Users_Page_Testcases" name="Check_Roles_field_display" time="0.039"/>
  <system-out/>
  <testcase classname="Testcases2.Users_Page_Testcases" name="Check_select_column_name_field_visibility" time="5.079"/>
  <system-out/>
  <testcase classname="Testcases2.Users_Page_Testcases" name="placeholder_text_of_select_column_name_field" time="5.158"/>
  <system-out/>
  <testcase classname="Testcases2.Users_Page_Testcases" name="Check_search_functionality_for_User_Name_option" time="15.543"/>
  <system-out/>
  <testcase classname="Testcases2.Users_Page_Testcases" name="Check_search_functionality_for_firstName_option" time="15.597"/>
  <system-out/>
  <testcase classname="Testcases2.Users_Page_Testcases" name="Check_search_functionality_for_Last_Name_option" time="15.415"/>
  <system-out/>
  <testcase classname="Testcases2.Users_Page_Testcases" name="Check_search_functionality_for_Mobile_No_option" time="15.481"/>
  <system-out/>
  <testcase classname="Testcases2.Users_Page_Testcases" name="Check_search_functionality_for_email_option" time="15.499"/>
  <system-out/>
  <testcase classname="Testcases2.Users_Page_Testcases" name="Search_field_Display" time="5.136"/>
  <system-out/>
  <testcase classname="Testcases2.Users_Page_Testcases" name="Search_field_Placeholder" time="7.132"/>
  <system-out/>
  <testcase classname="Testcases2.Users_Page_Testcases" name="Search_field_editable" time="10.201"/>
  <system-out/>
  <testcase classname="Testcases2.Users_Page_Testcases" name="Search_functinality_record_which_does_not_exist" time="15.315"/>
  <system-out/>
  <testcase classname="Testcases2.Users_Page_Testcases" name="check_search_button_visibility" time="0.028"/>
  <system-out/>
  <testcase classname="Testcases2.Users_Page_Testcases" name="Clear_functinality_for_roles_field" time="10.316"/>
  <system-out/>
  <testcase classname="Testcases2.Users_Page_Testcases" name="Check_Roles_dropdown_clickable_and_select_value_from_dropdown" time="0.066"/>
  <system-out/>
  <testcase classname="Testcases2.Users_Page_Testcases" name="Clear_functinality_for_Search_field" time="20.287"/>
  <system-out/>
  <testcase classname="Testcases2.Users_Page_Testcases" name="Clear_functinality_for_roles_and_Search_field" time="10.643"/>
  <system-out/>
  <testcase classname="Testcases2.Users_Page_Testcases" name="Select_Admin_Option" time="0.132"/>
  <system-out/>
  <testcase classname="Testcases2.Users_Page_Testcases" name="Check_filter_for_Admin_Option" time="0.184"/>
  <system-out/>
  <testcase classname="Testcases2.Users_Page_Testcases" name="Select_Back_Office_Option" time="0.157"/>
  <system-out/>
  <testcase classname="Testcases2.Users_Page_Testcases" name="Select_Support_Option" time="0.123"/>
  <system-out/>
  <testcase classname="Testcases2.Users_Page_Testcases" name="Check_filter_for_support_Option" time="5.144"/>
  <system-out/>
  <testcase classname="Testcases2.Users_Page_Testcases" name="Select_staff_Option" time="5.161"/>
  <system-out/>
  <testcase classname="Testcases2.Users_Page_Testcases" name="Check_filter_for_staff_Option" time="0.118"/>
  <system-out/>
  <testcase classname="Testcases2.Users_Page_Testcases" name="Select_Customer_Option" time="0.154"/>
  <system-out/>
  <testcase classname="Testcases2.Users_Page_Testcases" name="Check_filter_for_Customer_Option" time="5.149"/>
  <system-out/>
  <testcase classname="Testcases2.Users_Page_Testcases" name="Add_Users_button_display" time="0.034"/>
  <system-out/>
  <testcase classname="Testcases2.Users_Page_Testcases" name="Add_Users_icon_display" time="0.031"/>
  <system-out/>
  <testcase classname="Testcases2.Users_Page_Testcases" name="Check_Add_Users_button_Functionality" time="5.234"/>
  <system-out/>
  <testcase classname="Testcases2.Users_Page_Testcases" name="Check_Add_Users_icon_Functionality" time="10.303"/>
  <system-out/>
  <testcase classname="Testcases2.Users_Page_Testcases" name="Back_to_list_button_display" time="10.183"/>
  <system-out/>
  <testcase classname="Testcases2.Users_Page_Testcases" name="Back_to_list_button_clickable" time="5.143"/>
  <system-out/>
  <testcase classname="Testcases2.Users_Page_Testcases" name="edit_User_icon_display" time="0.048"/>
  <system-out/>
  <testcase classname="Testcases2.Users_Page_Testcases" name="edit_user_icon_functionality" time="5.156"/>
  <system-out/>
  <testcase classname="Testcases2.Users_Page_Testcases" name="Back_to_list_button_on_User_Profile_Page" time="0.028"/>
  <system-out/>
  <testcase classname="Testcases2.Users_Page_Testcases" name="Check_Back_to_list_button_Functinality_on_User_Profile_Page" time="5.147"/>
  <system-out/>
  <testcase classname="Testcases2.Users_Page_Testcases" name="Update_button_functionality_on_User_Profile_page" time="26.670"/>
  <system-out/>
  <testcase classname="Testcases2.Users_Page_Testcases" name="updated_data_succssfully_save_and_reflected_on_users_home_page" time="28.028">
    <failure message="expected [] but found [Amit]" type="java.lang.AssertionError">
      <![CDATA[java.lang.AssertionError: expected [] but found [Amit]
at org.testng.Assert.fail(Assert.java:99)
at org.testng.Assert.failNotEquals(Assert.java:1037)
at org.testng.Assert.assertEqualsImpl(Assert.java:140)
at org.testng.Assert.assertEquals(Assert.java:122)
at org.testng.Assert.assertEquals(Assert.java:629)
at org.testng.Assert.assertEquals(Assert.java:639)
at Testcases2.Users_Page_Testcases.updated_data_succssfully_save_and_reflected_on_users_home_page(Users_Page_Testcases.java:654)
at java.base/jdk.internal.reflect.NativeMethodAccessorImpl.invoke0(Native Method)
at java.base/jdk.internal.reflect.NativeMethodAccessorImpl.invoke(NativeMethodAccessorImpl.java:77)
at java.base/jdk.internal.reflect.DelegatingMethodAccessorImpl.invoke(DelegatingMethodAccessorImpl.java:43)
at java.base/java.lang.reflect.Method.invoke(Method.java:568)
at org.testng.internal.MethodInvocationHelper.invokeMethod(MethodInvocationHelper.java:133)
at org.testng.internal.TestInvoker.invokeMethod(TestInvoker.java:598)
at org.testng.internal.TestInvoker.invokeTestMethod(TestInvoker.java:173)
at org.testng.internal.MethodRunner.runInSequence(MethodRunner.java:46)
at org.testng.internal.TestInvoker$MethodInvocationAgent.invoke(TestInvoker.java:824)
at org.testng.internal.TestInvoker.invokeTestMethods(TestInvoker.java:146)
at org.testng.internal.TestMethodWorker.invokeTestMethods(TestMethodWorker.java:146)
at org.testng.internal.TestMethodWorker.run(TestMethodWorker.java:128)
at java.base/java.util.ArrayList.forEach(ArrayList.java:1511)
at org.testng.TestRunner.privateRun(TestRunner.java:794)
at org.testng.TestRunner.run(TestRunner.java:596)
at org.testng.SuiteRunner.runTest(SuiteRunner.java:377)
at org.testng.SuiteRunner.runSequentially(SuiteRunner.java:371)
at org.testng.SuiteRunner.privateRun(SuiteRunner.java:332)
at org.testng.SuiteRunner.run(SuiteRunner.java:276)
at org.testng.SuiteRunnerWorker.runSuite(SuiteRunnerWorker.java:53)
at org.testng.SuiteRunnerWorker.run(SuiteRunnerWorker.java:96)
at org.testng.TestNG.runSuitesSequentially(TestNG.java:1212)
at org.testng.TestNG.runSuitesLocally(TestNG.java:1134)
at org.testng.TestNG.runSuites(TestNG.java:1063)
at org.testng.TestNG.run(TestNG.java:1031)
at org.testng.remote.AbstractRemoteTestNG.run(AbstractRemoteTestNG.java:115)
at org.testng.remote.RemoteTestNG.initAndRun(RemoteTestNG.java:251)
at org.testng.remote.RemoteTestNG.main(RemoteTestNG.java:77)
]]>
    </failure>
  </testcase> <!-- updated_data_succssfully_save_and_reflected_on_users_home_page -->
  <system-out/>
  <testcase classname="Testcases2.Users_Page_Testcases" name="Add_user_page_mandatory_field_contain_mandatory_error_message" time="15.614"/>
  <system-out/>
  <testcase classname="Testcases2.Users_Page_Testcases" name="check_error_message_for_invalid_email" time="6.537"/>
  <system-out/>
  <testcase classname="Testcases2.Users_Page_Testcases" name="check_error_message_for_lessthan_ninedigit_phone_number" time="5.836"/>
  <system-out/>
  <testcase classname="Testcases2.Users_Page_Testcases" name="check_error_message_for_lessthan_sixdigit_zipcode" time="5.815"/>
  <system-out/>
  <testcase classname="Testcases2.Users_Page_Testcases" name="Add_new_user" time="22.305"/>
  <system-out/>
</testsuite> <!-- Testcases2.Users_Page_Testcases -->
