<?xml version="1.0" encoding="UTF-8"?>
<!-- Generated by org.testng.reporters.JUnitReportReporter -->
<testsuite hostname="DESKTOP-P4GJM8J" failures="0" tests="50" name="Testcases2.MerchantMenu_Transactions_Testcases" time="181.474" errors="0" timestamp="10 May 2022 12:29:52 GMT">
  <testcase classname="Testcases2.MerchantMenu_Transactions_Testcases" name="Check_End_Date_field_clickable" time="10.286"/>
  <testcase classname="Testcases2.MerchantMenu_Transactions_Testcases" name="Check_Search_by_keyword_field_displayed" time="0.062"/>
  <testcase classname="Testcases2.MerchantMenu_Transactions_Testcases" name="Check_Settlement_field_select_Settle_option" time="5.308"/>
  <testcase classname="Testcases2.MerchantMenu_Transactions_Testcases" name="Check_Lenders_field_select_option" time="10.908"/>
  <testcase classname="Testcases2.MerchantMenu_Transactions_Testcases" name="Check_City_field_clickable" time="12.146"/>
  <testcase classname="Testcases2.MerchantMenu_Transactions_Testcases" name="Check_Status_field_select__Fail_option" time="5.869"/>
  <testcase classname="Testcases2.MerchantMenu_Transactions_Testcases" name="Check_Lenders_field_displayed" time="0.055"/>
  <testcase classname="Testcases2.MerchantMenu_Transactions_Testcases" name="Check_Merchants_field_select_option" time="10.724"/>
  <testcase classname="Testcases2.MerchantMenu_Transactions_Testcases" name="Check_Transaction_Types_field_displayed" time="0.054"/>
  <testcase classname="Testcases2.MerchantMenu_Transactions_Testcases" name="Check_Status_field_select_Cancelled_option" time="5.269"/>
  <testcase classname="Testcases2.MerchantMenu_Transactions_Testcases" name="Check_Settlement_field_select_Fail_option" time="5.222"/>
  <testcase classname="Testcases2.MerchantMenu_Transactions_Testcases" name="Check_Settlement_field_displayed" time="0.050"/>
  <testcase classname="Testcases2.MerchantMenu_Transactions_Testcases" name="Check_Transaction_Types_field_select_Lender_option" time="5.335"/>
  <testcase classname="Testcases2.MerchantMenu_Transactions_Testcases" name="Check_Search_functionality" time="11.345"/>
  <testcase classname="Testcases2.MerchantMenu_Transactions_Testcases" name="Check_State_field_displayed" time="0.056"/>
  <testcase classname="Testcases2.MerchantMenu_Transactions_Testcases" name="End_Date_field_label_text" time="0.049"/>
  <testcase classname="Testcases2.MerchantMenu_Transactions_Testcases" name="Check_Transaction_Types_field_select_Payment_Gateway_option" time="5.273"/>
  <testcase classname="Testcases2.MerchantMenu_Transactions_Testcases" name="Check_Clear_button_displayed" time="0.040"/>
  <testcase classname="Testcases2.MerchantMenu_Transactions_Testcases" name="Check_Start_Date_field_display" time="0.061"/>
  <testcase classname="Testcases2.MerchantMenu_Transactions_Testcases" name="Check_Customer_Name_field_displayed" time="0.053"/>
  <testcase classname="Testcases2.MerchantMenu_Transactions_Testcases" name="Check_State_field_clickable" time="5.825"/>
  <testcase classname="Testcases2.MerchantMenu_Transactions_Testcases" name="Check_Merchant_menu_display" time="0.131"/>
  <testcase classname="Testcases2.MerchantMenu_Transactions_Testcases" name="Lenders_field_label_txt" time="0.080"/>
  <testcase classname="Testcases2.MerchantMenu_Transactions_Testcases" name="Check_City_field_displayed" time="0.057"/>
  <testcase classname="Testcases2.MerchantMenu_Transactions_Testcases" name="Check_Status_field_select_Success_option" time="5.349"/>
  <testcase classname="Testcases2.MerchantMenu_Transactions_Testcases" name="check_Merchant_Transactions_page_header" time="0.052"/>
  <testcase classname="Testcases2.MerchantMenu_Transactions_Testcases" name="Login" time="14.170"/>
  <testcase classname="Testcases2.MerchantMenu_Transactions_Testcases" name="Check_Status_field_displayed" time="0.074"/>
  <testcase classname="Testcases2.MerchantMenu_Transactions_Testcases" name="Check_Search_field_placeholder" time="5.083"/>
  <testcase classname="Testcases2.MerchantMenu_Transactions_Testcases" name="Settlement_field_label_txt" time="0.043"/>
  <testcase classname="Testcases2.MerchantMenu_Transactions_Testcases" name="Check_Transaction_Types_field_select_Wallet_option" time="5.240"/>
  <testcase classname="Testcases2.MerchantMenu_Transactions_Testcases" name="Check_Status_field_select_Pending_option" time="5.227"/>
  <testcase classname="Testcases2.MerchantMenu_Transactions_Testcases" name="Check_Customer_Name_field_send_input" time="10.166"/>
  <testcase classname="Testcases2.MerchantMenu_Transactions_Testcases" name="Check_Merchant_menu_clickable" time="10.166"/>
  <testcase classname="Testcases2.MerchantMenu_Transactions_Testcases" name="Check_Merchants_Transactions_webpage_title" time="0.037"/>
  <testcase classname="Testcases2.MerchantMenu_Transactions_Testcases" name="Status_field_label_txt" time="0.140"/>
  <testcase classname="Testcases2.MerchantMenu_Transactions_Testcases" name="City_field_label_txt" time="0.042"/>
  <testcase classname="Testcases2.MerchantMenu_Transactions_Testcases" name="Check_Start_Date_field_clickable" time="10.289"/>
  <testcase classname="Testcases2.MerchantMenu_Transactions_Testcases" name="Search_by_keyword_field_label_txt" time="0.064"/>
  <testcase classname="Testcases2.MerchantMenu_Transactions_Testcases" name="Start_Date_field_label_text" time="0.043"/>
  <testcase classname="Testcases2.MerchantMenu_Transactions_Testcases" name="Transaction_Types_field_label_txt" time="0.043"/>
  <testcase classname="Testcases2.MerchantMenu_Transactions_Testcases" name="Check_Clear_functionality" time="10.114"/>
  <testcase classname="Testcases2.MerchantMenu_Transactions_Testcases" name="Check_Merchants_field_displayed" time="0.070"/>
  <testcase classname="Testcases2.MerchantMenu_Transactions_Testcases" name="Merchants_field_label_txt" time="0.072"/>
  <testcase classname="Testcases2.MerchantMenu_Transactions_Testcases" name="Customer_Name_field_label_txt" time="0.057"/>
  <testcase classname="Testcases2.MerchantMenu_Transactions_Testcases" name="Check_Status_field_select_InProgress_option" time="5.384"/>
  <testcase classname="Testcases2.MerchantMenu_Transactions_Testcases" name="Check_End_Date_field_display" time="0.056"/>
  <testcase classname="Testcases2.MerchantMenu_Transactions_Testcases" name="State_field_label_txt" time="0.048"/>
  <testcase classname="Testcases2.MerchantMenu_Transactions_Testcases" name="Check_Transactions_menu_display" time="0.088"/>
  <testcase classname="Testcases2.MerchantMenu_Transactions_Testcases" name="Check_Transactions_menu_Clickable" time="5.099"/>
</testsuite> <!-- Testcases2.MerchantMenu_Transactions_Testcases -->
