<?xml version="1.0" encoding="UTF-8"?>
<!-- Generated by org.testng.reporters.JUnitReportReporter -->
<testsuite hostname="DESKTOP-IO56PCV" failures="0" tests="5" name="Testcases2.Admin_Merchants_Reastaurant_Page_Testcases" time="113.266" errors="0" timestamp="2022-06-16T10:45:17 IST" skipped="0">
  <testcase classname="Testcases2.Admin_Merchants_Reastaurant_Page_Testcases" name="Login" time="12.812"/>
  <system-out/>
  <testcase classname="Testcases2.Admin_Merchants_Reastaurant_Page_Testcases" name="Check_Admin_menu_clickable" time="5.073"/>
  <system-out/>
  <testcase classname="Testcases2.Admin_Merchants_Reastaurant_Page_Testcases" name="Check_Merchants_menu_display" time="0.079"/>
  <system-out/>
  <testcase classname="Testcases2.Admin_Merchants_Reastaurant_Page_Testcases" name="Check_Merchants_menu_Clickable" time="5.077"/>
  <system-out/>
  <testcase classname="Testcases2.Admin_Merchants_Reastaurant_Page_Testcases" name="add_restaurant" time="90.225"/>
  <system-out/>
</testsuite> <!-- Testcases2.Admin_Merchants_Reastaurant_Page_Testcases -->
