<?xml version="1.0" encoding="UTF-8"?>
<!-- Generated by org.testng.reporters.JUnitReportReporter -->
<testsuite hostname="DESKTOP-IO56PCV" failures="0" tests="30" name="Testcases2.Admin_Customer_Testcases" time="114.703" errors="0" timestamp="2022-08-01T14:20:01 IST" skipped="0">
  <testcase classname="Testcases2.Admin_Customer_Testcases" name="Login" time="12.662"/>
  <system-out/>
  <testcase classname="Testcases2.Admin_Customer_Testcases" name="Check_Merchant_menu_display" time="0.058"/>
  <system-out/>
  <testcase classname="Testcases2.Admin_Customer_Testcases" name="Check_Merchant_menu_clickable" time="10.133"/>
  <system-out/>
  <testcase classname="Testcases2.Admin_Customer_Testcases" name="Check_Customer_menu_display" time="0.039"/>
  <system-out/>
  <testcase classname="Testcases2.Admin_Customer_Testcases" name="Check_Customer_menu_Clickable" time="5.070"/>
  <system-out/>
  <testcase classname="Testcases2.Admin_Customer_Testcases" name="Check_Customer_webpage_title" time="0.025"/>
  <system-out/>
  <testcase classname="Testcases2.Admin_Customer_Testcases" name="check_Merchant_Customers_page_header" time="0.051"/>
  <system-out/>
  <testcase classname="Testcases2.Admin_Customer_Testcases" name="State_field_label_txt" time="0.033"/>
  <system-out/>
  <testcase classname="Testcases2.Admin_Customer_Testcases" name="Check_State_field_displayed" time="0.036"/>
  <system-out/>
  <testcase classname="Testcases2.Admin_Customer_Testcases" name="Check_State_field_clickable" time="5.455"/>
  <system-out/>
  <testcase classname="Testcases2.Admin_Customer_Testcases" name="City_field_label_txt" time="0.037"/>
  <system-out/>
  <testcase classname="Testcases2.Admin_Customer_Testcases" name="Check_City_field_displayed" time="0.035"/>
  <system-out/>
  <testcase classname="Testcases2.Admin_Customer_Testcases" name="Check_City_field_clickable" time="9.987"/>
  <system-out/>
  <testcase classname="Testcases2.Admin_Customer_Testcases" name="Start_Date_field_label_text" time="0.028"/>
  <system-out/>
  <testcase classname="Testcases2.Admin_Customer_Testcases" name="Check_Start_Date_field_display" time="0.035"/>
  <system-out/>
  <testcase classname="Testcases2.Admin_Customer_Testcases" name="Check_Start_Date_field_clickable" time="10.292"/>
  <system-out/>
  <testcase classname="Testcases2.Admin_Customer_Testcases" name="End_Date_field_label_text" time="0.032"/>
  <system-out/>
  <testcase classname="Testcases2.Admin_Customer_Testcases" name="Check_End_Date_field_display" time="0.034"/>
  <system-out/>
  <testcase classname="Testcases2.Admin_Customer_Testcases" name="Check_End_Date_field_clickable" time="5.119"/>
  <system-out/>
  <testcase classname="Testcases2.Admin_Customer_Testcases" name="Check_select_columnName_field_visibility" time="0.044"/>
  <system-out/>
  <testcase classname="Testcases2.Admin_Customer_Testcases" name="Check_select_columnName_field_placeholder" time="0.077"/>
  <system-out/>
  <testcase classname="Testcases2.Admin_Customer_Testcases" name="Check_Search_field_displayed" time="5.074"/>
  <system-out/>
  <testcase classname="Testcases2.Admin_Customer_Testcases" name="Check_Search_field_editable" time="5.162"/>
  <system-out/>
  <testcase classname="Testcases2.Admin_Customer_Testcases" name="Check_search_field_placeholder" time="5.164"/>
  <system-out/>
  <testcase classname="Testcases2.Admin_Customer_Testcases" name="Check_search_button_visibility" time="0.034"/>
  <system-out/>
  <testcase classname="Testcases2.Admin_Customer_Testcases" name="Check_Clear_button_displayed" time="0.023"/>
  <system-out/>
  <testcase classname="Testcases2.Admin_Customer_Testcases" name="Check_Clear_functionality" time="10.410"/>
  <system-out/>
  <testcase classname="Testcases2.Admin_Customer_Testcases" name="Check_Search_functionality" time="19.308"/>
  <system-out/>
  <testcase classname="Testcases2.Admin_Customer_Testcases" name="Check_View_customer_icon_visibility" time="0.036"/>
  <system-out/>
  <testcase classname="Testcases2.Admin_Customer_Testcases" name="Check_View_customer_icon_clickable" time="10.210"/>
  <system-out/>
</testsuite> <!-- Testcases2.Admin_Customer_Testcases -->
