<?xml version="1.0" encoding="UTF-8"?>
<!-- Generated by org.testng.reporters.JUnitReportReporter -->
<testsuite hostname="DESKTOP-P4GJM8J" failures="0" tests="38" name="Testcases2.Login_page_Testcases" time="197.601" errors="2" timestamp="2022-06-05T07:25:36 IST" skipped="0">
  <testcase classname="Testcases2.Login_page_Testcases" name="open_url" time="7.456"/>
  <system-out/>
  <testcase classname="Testcases2.Login_page_Testcases" name="check_webpage_title" time="0.063"/>
  <system-out/>
  <testcase classname="Testcases2.Login_page_Testcases" name="Check_login_page_header" time="0.069"/>
  <system-out/>
  <testcase classname="Testcases2.Login_page_Testcases" name="check_username_field_visibility" time="0.117"/>
  <system-out/>
  <testcase classname="Testcases2.Login_page_Testcases" name="check_password_field_visibility" time="0.081"/>
  <system-out/>
  <testcase classname="Testcases2.Login_page_Testcases" name="check_Login_button_visibility" time="0.074"/>
  <system-out/>
  <testcase classname="Testcases2.Login_page_Testcases" name="check_Forgot_password_link_visibility" time="0.129"/>
  <system-out/>
  <testcase classname="Testcases2.Login_page_Testcases" name="check_forgot_password_link_is_active" time="5.279"/>
  <system-out/>
  <testcase classname="Testcases2.Login_page_Testcases" name="forgot_password_page_header_visibility" time="0.049"/>
  <system-out/>
  <testcase classname="Testcases2.Login_page_Testcases" name="check_username_field_exist_on_forgotpswd_page" time="0.070"/>
  <system-out/>
  <testcase classname="Testcases2.Login_page_Testcases" name="check_username_field_placeholder_text" time="0.055"/>
  <system-out/>
  <testcase classname="Testcases2.Login_page_Testcases" name="check_username_field_contain_required_mesg_on_forgot_pswd_page" time="10.327"/>
  <system-out/>
  <testcase classname="Testcases2.Login_page_Testcases" name="check_forgot_button_Visibility" time="0.041"/>
  <system-out/>
  <testcase classname="Testcases2.Login_page_Testcases" name="check_login_link_Visibility" time="0.049"/>
  <system-out/>
  <testcase classname="Testcases2.Login_page_Testcases" name="check_login_link_clickable" time="5.499"/>
  <system-out/>
  <testcase classname="Testcases2.Login_page_Testcases" name="check_forgot_functinality_for_user_does_not_exist" time="7.598"/>
  <system-out/>
  <testcase classname="Testcases2.Login_page_Testcases" name="check_forgot_functinality" time="12.333"/>
  <system-out/>
  <testcase classname="Testcases2.Login_page_Testcases" name="check_pasword_field_Visibility" time="8.012"/>
  <system-out/>
  <testcase classname="Testcases2.Login_page_Testcases" name="check_pswd_field_placeholder_text_for_setpswd" time="0.041"/>
  <system-out/>
  <testcase classname="Testcases2.Login_page_Testcases" name="check_confirm_pasword_field_Visibility" time="0.048"/>
  <system-out/>
  <testcase classname="Testcases2.Login_page_Testcases" name="check_confirm_pswd_field_placeholder_text_for_setpswd" time="0.042"/>
  <system-out/>
  <testcase classname="Testcases2.Login_page_Testcases" name="check_login_link_Visibilityon_setpassword_page" time="0.039"/>
  <system-out/>
  <testcase classname="Testcases2.Login_page_Testcases" name="check_login_link_clickable_on_resetpassword_page" time="5.193"/>
  <system-out/>
  <testcase classname="Testcases2.Login_page_Testcases" name="check_set_password_button_visibility" time="7.667"/>
  <system-out/>
  <testcase classname="Testcases2.Login_page_Testcases" name="check_set_password_button_text" time="0.048"/>
  <system-out/>
  <testcase classname="Testcases2.Login_page_Testcases" name="check_pwd_field_contain_required_mesg_on_set_pswd_page" time="4.330"/>
  <system-out/>
  <testcase classname="Testcases2.Login_page_Testcases" name="check_cnfrm_pwd_field_contain_required_mesg_on_set_pswd_page" time="4.267"/>
  <system-out/>
  <testcase classname="Testcases2.Login_page_Testcases" name="check_pwd_field_contain_length_mesg_on_set_pswd_page" time="12.329"/>
  <system-out/>
  <testcase classname="Testcases2.Login_page_Testcases" name="check_set_password_functinality" time="10.588"/>
  <system-out/>
  <testcase classname="Testcases2.Login_page_Testcases" name="check_try_to_login_with_old_password" time="10.473"/>
  <system-out/>
  <testcase classname="Testcases2.Login_page_Testcases" name="check_login_with_new_password" time="16.663"/>
  <system-out/>
  <testcase classname="Testcases2.Login_page_Testcases" name="set_again_old_password_from_reset_page" time="13.011"/>
  <system-out/>
  <testcase classname="Testcases2.Login_page_Testcases" name="check_username_field_contain_required_mesg" time="5.260"/>
  <system-out/>
  <testcase classname="Testcases2.Login_page_Testcases" name="check_password_field_contain_required_mesg" time="5.258"/>
  <system-out/>
  <testcase classname="Testcases2.Login_page_Testcases" name="click_on_login_button_if_username_and_password_field_empty" time="9.165"/>
  <system-out/>
  <testcase classname="Testcases2.Login_page_Testcases" name="click_on_login_button_if_username_filled_and_password_field_empty" time="9.259"/>
  <system-out/>
  <testcase classname="Testcases2.Login_page_Testcases" name="click_on_login_button_if_username_empty_and_password_filled" time="21.565">
    <error message="no such element: Unable to locate element: {&quot;method&quot;:&quot;xpath&quot;,&quot;selector&quot;:&quot;//h1[contains(text(),&#039;Sign In&#039;)]&quot;}
  (Session info: chrome=102.0.5005.63)
For documentation on this error, please visit: https://selenium.dev/exceptions/#no_such_element
Build info: version: &#039;4.1.3&#039;, revision: &#039;7b1ebf28ef&#039;
System info: host: &#039;DESKTOP-P4GJM8J&#039;, ip: &#039;192.168.43.59&#039;, os.name: &#039;Windows 10&#039;, os.arch: &#039;amd64&#039;, os.version: &#039;10.0&#039;, java.version: &#039;16.0.2&#039;
Driver info: org.openqa.selenium.chrome.ChromeDriver
Command: [204f8a06b9c087727652a08f0e8625b3, findElement {using=xpath, value=//h1[contains(text(),&#039;Sign In&#039;)]}]
Capabilities {acceptInsecureCerts: false, browserName: chrome, browserVersion: 102.0.5005.63, chrome: {chromedriverVersion: 101.0.4951.41 (93c720db8323..., userDataDir: C:\Users\Ramesh\AppData\Loc...}, goog:chromeOptions: {debuggerAddress: localhost:56964}, javascriptEnabled: true, networkConnectionEnabled: false, pageLoadStrategy: normal, platform: WINDOWS, platformName: WINDOWS, proxy: Proxy(), se:cdp: ws://localhost:56964/devtoo..., se:cdpVersion: 102.0.5005.63, setWindowRect: true, strictFileInteractability: false, timeouts: {implicit: 0, pageLoad: 300000, script: 30000}, unhandledPromptBehavior: dismiss and notify, webauthn:extension:credBlob: true, webauthn:extension:largeBlob: true, webauthn:virtualAuthenticators: true}
Session ID: 204f8a06b9c087727652a08f0e8625b3" type="org.openqa.selenium.NoSuchElementException">
      <![CDATA[org.openqa.selenium.NoSuchElementException: no such element: Unable to locate element: {"method":"xpath","selector":"//h1[contains(text(),'Sign In')]"}
  (Session info: chrome=102.0.5005.63)
For documentation on this error, please visit: https://selenium.dev/exceptions/#no_such_element
Build info: version: '4.1.3', revision: '7b1ebf28ef'
System info: host: 'DESKTOP-P4GJM8J', ip: '192.168.43.59', os.name: 'Windows 10', os.arch: 'amd64', os.version: '10.0', java.version: '16.0.2'
Driver info: org.openqa.selenium.chrome.ChromeDriver
Command: [204f8a06b9c087727652a08f0e8625b3, findElement {using=xpath, value=//h1[contains(text(),'Sign In')]}]
Capabilities {acceptInsecureCerts: false, browserName: chrome, browserVersion: 102.0.5005.63, chrome: {chromedriverVersion: 101.0.4951.41 (93c720db8323..., userDataDir: C:\Users\Ramesh\AppData\Loc...}, goog:chromeOptions: {debuggerAddress: localhost:56964}, javascriptEnabled: true, networkConnectionEnabled: false, pageLoadStrategy: normal, platform: WINDOWS, platformName: WINDOWS, proxy: Proxy(), se:cdp: ws://localhost:56964/devtoo..., se:cdpVersion: 102.0.5005.63, setWindowRect: true, strictFileInteractability: false, timeouts: {implicit: 0, pageLoad: 300000, script: 30000}, unhandledPromptBehavior: dismiss and notify, webauthn:extension:credBlob: true, webauthn:extension:largeBlob: true, webauthn:virtualAuthenticators: true}
Session ID: 204f8a06b9c087727652a08f0e8625b3
at java.base/jdk.internal.reflect.NativeConstructorAccessorImpl.newInstance0(Native Method)
at java.base/jdk.internal.reflect.NativeConstructorAccessorImpl.newInstance(NativeConstructorAccessorImpl.java:78)
at java.base/jdk.internal.reflect.DelegatingConstructorAccessorImpl.newInstance(DelegatingConstructorAccessorImpl.java:45)
at java.base/java.lang.reflect.Constructor.newInstanceWithCaller(Constructor.java:499)
at java.base/java.lang.reflect.Constructor.newInstance(Constructor.java:480)
at org.openqa.selenium.remote.codec.w3c.W3CHttpResponseCodec.createException(W3CHttpResponseCodec.java:200)
at org.openqa.selenium.remote.codec.w3c.W3CHttpResponseCodec.decode(W3CHttpResponseCodec.java:133)
at org.openqa.selenium.remote.codec.w3c.W3CHttpResponseCodec.decode(W3CHttpResponseCodec.java:53)
at org.openqa.selenium.remote.HttpCommandExecutor.execute(HttpCommandExecutor.java:184)
at org.openqa.selenium.remote.service.DriverCommandExecutor.invokeExecute(DriverCommandExecutor.java:167)
at org.openqa.selenium.remote.service.DriverCommandExecutor.execute(DriverCommandExecutor.java:142)
at org.openqa.selenium.remote.RemoteWebDriver.execute(RemoteWebDriver.java:567)
at org.openqa.selenium.remote.ElementLocation$ElementFinder$2.findElement(ElementLocation.java:162)
at org.openqa.selenium.remote.ElementLocation.findElement(ElementLocation.java:60)
at org.openqa.selenium.remote.RemoteWebDriver.findElement(RemoteWebDriver.java:385)
at org.openqa.selenium.remote.RemoteWebDriver.findElement(RemoteWebDriver.java:377)
at Testcases2.Login_page_Testcases.click_on_login_button_if_username_empty_and_password_filled(Login_page_Testcases.java:429)
at java.base/jdk.internal.reflect.NativeMethodAccessorImpl.invoke0(Native Method)
at java.base/jdk.internal.reflect.NativeMethodAccessorImpl.invoke(NativeMethodAccessorImpl.java:78)
at java.base/jdk.internal.reflect.DelegatingMethodAccessorImpl.invoke(DelegatingMethodAccessorImpl.java:43)
at java.base/java.lang.reflect.Method.invoke(Method.java:567)
at org.testng.internal.MethodInvocationHelper.invokeMethod(MethodInvocationHelper.java:133)
at org.testng.internal.TestInvoker.invokeMethod(TestInvoker.java:598)
at org.testng.internal.TestInvoker.invokeTestMethod(TestInvoker.java:173)
at org.testng.internal.MethodRunner.runInSequence(MethodRunner.java:46)
at org.testng.internal.TestInvoker$MethodInvocationAgent.invoke(TestInvoker.java:824)
at org.testng.internal.TestInvoker.invokeTestMethods(TestInvoker.java:146)
at org.testng.internal.TestMethodWorker.invokeTestMethods(TestMethodWorker.java:146)
at org.testng.internal.TestMethodWorker.run(TestMethodWorker.java:128)
at java.base/java.util.ArrayList.forEach(ArrayList.java:1511)
at org.testng.TestRunner.privateRun(TestRunner.java:794)
at org.testng.TestRunner.run(TestRunner.java:596)
at org.testng.SuiteRunner.runTest(SuiteRunner.java:377)
at org.testng.SuiteRunner.runSequentially(SuiteRunner.java:371)
at org.testng.SuiteRunner.privateRun(SuiteRunner.java:332)
at org.testng.SuiteRunner.run(SuiteRunner.java:276)
at org.testng.SuiteRunnerWorker.runSuite(SuiteRunnerWorker.java:53)
at org.testng.SuiteRunnerWorker.run(SuiteRunnerWorker.java:96)
at org.testng.TestNG.runSuitesSequentially(TestNG.java:1212)
at org.testng.TestNG.runSuitesLocally(TestNG.java:1134)
at org.testng.TestNG.runSuites(TestNG.java:1063)
at org.testng.TestNG.run(TestNG.java:1031)
at org.testng.remote.AbstractRemoteTestNG.run(AbstractRemoteTestNG.java:115)
at org.testng.remote.RemoteTestNG.initAndRun(RemoteTestNG.java:251)
at org.testng.remote.RemoteTestNG.main(RemoteTestNG.java:77)
]]>
    </error>
  </testcase> <!-- click_on_login_button_if_username_empty_and_password_filled -->
  <system-out/>
  <testcase classname="Testcases2.Login_page_Testcases" name="Login_with_valid_data" time="5.054">
    <error message="no such element: Unable to locate element: {&quot;method&quot;:&quot;xpath&quot;,&quot;selector&quot;:&quot;//input[@id=&#039;userName&#039;]&quot;}
  (Session info: chrome=102.0.5005.63)
For documentation on this error, please visit: https://selenium.dev/exceptions/#no_such_element
Build info: version: &#039;4.1.3&#039;, revision: &#039;7b1ebf28ef&#039;
System info: host: &#039;DESKTOP-P4GJM8J&#039;, ip: &#039;192.168.43.59&#039;, os.name: &#039;Windows 10&#039;, os.arch: &#039;amd64&#039;, os.version: &#039;10.0&#039;, java.version: &#039;16.0.2&#039;
Driver info: org.openqa.selenium.chrome.ChromeDriver
Command: [204f8a06b9c087727652a08f0e8625b3, findElement {using=xpath, value=//input[@id=&#039;userName&#039;]}]
Capabilities {acceptInsecureCerts: false, browserName: chrome, browserVersion: 102.0.5005.63, chrome: {chromedriverVersion: 101.0.4951.41 (93c720db8323..., userDataDir: C:\Users\Ramesh\AppData\Loc...}, goog:chromeOptions: {debuggerAddress: localhost:56964}, javascriptEnabled: true, networkConnectionEnabled: false, pageLoadStrategy: normal, platform: WINDOWS, platformName: WINDOWS, proxy: Proxy(), se:cdp: ws://localhost:56964/devtoo..., se:cdpVersion: 102.0.5005.63, setWindowRect: true, strictFileInteractability: false, timeouts: {implicit: 0, pageLoad: 300000, script: 30000}, unhandledPromptBehavior: dismiss and notify, webauthn:extension:credBlob: true, webauthn:extension:largeBlob: true, webauthn:virtualAuthenticators: true}
Session ID: 204f8a06b9c087727652a08f0e8625b3" type="org.openqa.selenium.NoSuchElementException">
      <![CDATA[org.openqa.selenium.NoSuchElementException: no such element: Unable to locate element: {"method":"xpath","selector":"//input[@id='userName']"}
  (Session info: chrome=102.0.5005.63)
For documentation on this error, please visit: https://selenium.dev/exceptions/#no_such_element
Build info: version: '4.1.3', revision: '7b1ebf28ef'
System info: host: 'DESKTOP-P4GJM8J', ip: '192.168.43.59', os.name: 'Windows 10', os.arch: 'amd64', os.version: '10.0', java.version: '16.0.2'
Driver info: org.openqa.selenium.chrome.ChromeDriver
Command: [204f8a06b9c087727652a08f0e8625b3, findElement {using=xpath, value=//input[@id='userName']}]
Capabilities {acceptInsecureCerts: false, browserName: chrome, browserVersion: 102.0.5005.63, chrome: {chromedriverVersion: 101.0.4951.41 (93c720db8323..., userDataDir: C:\Users\Ramesh\AppData\Loc...}, goog:chromeOptions: {debuggerAddress: localhost:56964}, javascriptEnabled: true, networkConnectionEnabled: false, pageLoadStrategy: normal, platform: WINDOWS, platformName: WINDOWS, proxy: Proxy(), se:cdp: ws://localhost:56964/devtoo..., se:cdpVersion: 102.0.5005.63, setWindowRect: true, strictFileInteractability: false, timeouts: {implicit: 0, pageLoad: 300000, script: 30000}, unhandledPromptBehavior: dismiss and notify, webauthn:extension:credBlob: true, webauthn:extension:largeBlob: true, webauthn:virtualAuthenticators: true}
Session ID: 204f8a06b9c087727652a08f0e8625b3
at java.base/jdk.internal.reflect.NativeConstructorAccessorImpl.newInstance0(Native Method)
at java.base/jdk.internal.reflect.NativeConstructorAccessorImpl.newInstance(NativeConstructorAccessorImpl.java:78)
at java.base/jdk.internal.reflect.DelegatingConstructorAccessorImpl.newInstance(DelegatingConstructorAccessorImpl.java:45)
at java.base/java.lang.reflect.Constructor.newInstanceWithCaller(Constructor.java:499)
at java.base/java.lang.reflect.Constructor.newInstance(Constructor.java:480)
at org.openqa.selenium.remote.codec.w3c.W3CHttpResponseCodec.createException(W3CHttpResponseCodec.java:200)
at org.openqa.selenium.remote.codec.w3c.W3CHttpResponseCodec.decode(W3CHttpResponseCodec.java:133)
at org.openqa.selenium.remote.codec.w3c.W3CHttpResponseCodec.decode(W3CHttpResponseCodec.java:53)
at org.openqa.selenium.remote.HttpCommandExecutor.execute(HttpCommandExecutor.java:184)
at org.openqa.selenium.remote.service.DriverCommandExecutor.invokeExecute(DriverCommandExecutor.java:167)
at org.openqa.selenium.remote.service.DriverCommandExecutor.execute(DriverCommandExecutor.java:142)
at org.openqa.selenium.remote.RemoteWebDriver.execute(RemoteWebDriver.java:567)
at org.openqa.selenium.remote.ElementLocation$ElementFinder$2.findElement(ElementLocation.java:162)
at org.openqa.selenium.remote.ElementLocation.findElement(ElementLocation.java:60)
at org.openqa.selenium.remote.RemoteWebDriver.findElement(RemoteWebDriver.java:385)
at org.openqa.selenium.remote.RemoteWebDriver.findElement(RemoteWebDriver.java:377)
at Testcases2.Login_page_Testcases.Login_with_valid_data(Login_page_Testcases.java:440)
at java.base/jdk.internal.reflect.NativeMethodAccessorImpl.invoke0(Native Method)
at java.base/jdk.internal.reflect.NativeMethodAccessorImpl.invoke(NativeMethodAccessorImpl.java:78)
at java.base/jdk.internal.reflect.DelegatingMethodAccessorImpl.invoke(DelegatingMethodAccessorImpl.java:43)
at java.base/java.lang.reflect.Method.invoke(Method.java:567)
at org.testng.internal.MethodInvocationHelper.invokeMethod(MethodInvocationHelper.java:133)
at org.testng.internal.TestInvoker.invokeMethod(TestInvoker.java:598)
at org.testng.internal.TestInvoker.invokeTestMethod(TestInvoker.java:173)
at org.testng.internal.MethodRunner.runInSequence(MethodRunner.java:46)
at org.testng.internal.TestInvoker$MethodInvocationAgent.invoke(TestInvoker.java:824)
at org.testng.internal.TestInvoker.invokeTestMethods(TestInvoker.java:146)
at org.testng.internal.TestMethodWorker.invokeTestMethods(TestMethodWorker.java:146)
at org.testng.internal.TestMethodWorker.run(TestMethodWorker.java:128)
at java.base/java.util.ArrayList.forEach(ArrayList.java:1511)
at org.testng.TestRunner.privateRun(TestRunner.java:794)
at org.testng.TestRunner.run(TestRunner.java:596)
at org.testng.SuiteRunner.runTest(SuiteRunner.java:377)
at org.testng.SuiteRunner.runSequentially(SuiteRunner.java:371)
at org.testng.SuiteRunner.privateRun(SuiteRunner.java:332)
at org.testng.SuiteRunner.run(SuiteRunner.java:276)
at org.testng.SuiteRunnerWorker.runSuite(SuiteRunnerWorker.java:53)
at org.testng.SuiteRunnerWorker.run(SuiteRunnerWorker.java:96)
at org.testng.TestNG.runSuitesSequentially(TestNG.java:1212)
at org.testng.TestNG.runSuitesLocally(TestNG.java:1134)
at org.testng.TestNG.runSuites(TestNG.java:1063)
at org.testng.TestNG.run(TestNG.java:1031)
at org.testng.remote.AbstractRemoteTestNG.run(AbstractRemoteTestNG.java:115)
at org.testng.remote.RemoteTestNG.initAndRun(RemoteTestNG.java:251)
at org.testng.remote.RemoteTestNG.main(RemoteTestNG.java:77)
]]>
    </error>
  </testcase> <!-- Login_with_valid_data -->
  <system-out/>
</testsuite> <!-- Testcases2.Login_page_Testcases -->
