<?xml version="1.0" encoding="UTF-8"?>
<!-- Generated by org.testng.reporters.JUnitReportReporter -->
<testsuite hostname="DESKTOP-P4GJM8J" failures="1" tests="51" name="Testcases2.Users_Page_Testcases" time="340.641" errors="1" timestamp="2022-06-03T18:59:32 IST" skipped="0">
  <testcase classname="Testcases2.Users_Page_Testcases" name="login" time="11.585"/>
  <system-out/>
  <testcase classname="Testcases2.Users_Page_Testcases" name="Check_Admin_menu_clickable" time="5.177"/>
  <system-out/>
  <testcase classname="Testcases2.Users_Page_Testcases" name="Check_users_menu_display" time="0.108"/>
  <system-out/>
  <testcase classname="Testcases2.Users_Page_Testcases" name="Check_users_menu_Clickable" time="5.126"/>
  <system-out/>
  <testcase classname="Testcases2.Users_Page_Testcases" name="Check_user_webpage_title" time="0.031"/>
  <system-out/>
  <testcase classname="Testcases2.Users_Page_Testcases" name="check_Users_page_header" time="0.051"/>
  <system-out/>
  <testcase classname="Testcases2.Users_Page_Testcases" name="Roles_field_label_text" time="0.044"/>
  <system-out/>
  <testcase classname="Testcases2.Users_Page_Testcases" name="Check_Roles_field_display" time="0.054"/>
  <system-out/>
  <testcase classname="Testcases2.Users_Page_Testcases" name="Check_select_column_name_field_visibility" time="5.119"/>
  <system-out/>
  <testcase classname="Testcases2.Users_Page_Testcases" name="placeholder_text_of_select_column_name_field" time="5.151"/>
  <system-out/>
  <testcase classname="Testcases2.Users_Page_Testcases" name="Check_search_functionality_for_User_Name_option" time="16.021"/>
  <system-out/>
  <testcase classname="Testcases2.Users_Page_Testcases" name="Check_search_functionality_for_firstName_option" time="15.717"/>
  <system-out/>
  <testcase classname="Testcases2.Users_Page_Testcases" name="Check_search_functionality_for_Last_Name_option" time="15.650"/>
  <system-out/>
  <testcase classname="Testcases2.Users_Page_Testcases" name="Check_search_functionality_for_Mobile_No_option" time="15.659"/>
  <system-out/>
  <testcase classname="Testcases2.Users_Page_Testcases" name="Check_search_functionality_for_email_option" time="15.686"/>
  <system-out/>
  <testcase classname="Testcases2.Users_Page_Testcases" name="Search_field_Display" time="5.151"/>
  <system-out/>
  <testcase classname="Testcases2.Users_Page_Testcases" name="Search_field_Placeholder" time="7.169"/>
  <system-out/>
  <testcase classname="Testcases2.Users_Page_Testcases" name="Search_field_editable" time="10.238"/>
  <system-out/>
  <testcase classname="Testcases2.Users_Page_Testcases" name="Search_functinality_record_which_does_not_exist" time="15.482"/>
  <system-out/>
  <testcase classname="Testcases2.Users_Page_Testcases" name="check_search_button_visibility" time="0.054"/>
  <system-out/>
  <testcase classname="Testcases2.Users_Page_Testcases" name="Clear_functinality_for_roles_field" time="10.452"/>
  <system-out/>
  <testcase classname="Testcases2.Users_Page_Testcases" name="Check_Roles_dropdown_clickable_and_select_value_from_dropdown" time="0.108"/>
  <system-out/>
  <testcase classname="Testcases2.Users_Page_Testcases" name="Clear_functinality_for_Search_field" time="20.360"/>
  <system-out/>
  <testcase classname="Testcases2.Users_Page_Testcases" name="Select_SuperAdmin_Option" time="0.177"/>
  <system-out/>
  <testcase classname="Testcases2.Users_Page_Testcases" name="Clear_functinality_for_roles_and_Search_field" time="10.960"/>
  <system-out/>
  <testcase classname="Testcases2.Users_Page_Testcases" name="Select_Admin_Option" time="0.244"/>
  <system-out/>
  <testcase classname="Testcases2.Users_Page_Testcases" name="Check_filter_for_Admin_Option" time="0.163">
    <error message="no such element: Unable to locate element: {&quot;method&quot;:&quot;xpath&quot;,&quot;selector&quot;:&quot;//tbody/tr[1]/td[7]&quot;}
  (Session info: chrome=102.0.5005.63)
For documentation on this error, please visit: https://selenium.dev/exceptions/#no_such_element
Build info: version: &#039;4.1.3&#039;, revision: &#039;7b1ebf28ef&#039;
System info: host: &#039;DESKTOP-P4GJM8J&#039;, ip: &#039;192.168.0.182&#039;, os.name: &#039;Windows 10&#039;, os.arch: &#039;amd64&#039;, os.version: &#039;10.0&#039;, java.version: &#039;16.0.2&#039;
Driver info: org.openqa.selenium.chrome.ChromeDriver
Command: [cab2d1b56b31112c601d4b8a1afb19e8, findElement {using=xpath, value=//tbody/tr[1]/td[7]}]
Capabilities {acceptInsecureCerts: false, browserName: chrome, browserVersion: 102.0.5005.63, chrome: {chromedriverVersion: 101.0.4951.41 (93c720db8323..., userDataDir: C:\Users\Ramesh\AppData\Loc...}, goog:chromeOptions: {debuggerAddress: localhost:60738}, javascriptEnabled: true, networkConnectionEnabled: false, pageLoadStrategy: normal, platform: WINDOWS, platformName: WINDOWS, proxy: Proxy(), se:cdp: ws://localhost:60738/devtoo..., se:cdpVersion: 102.0.5005.63, setWindowRect: true, strictFileInteractability: false, timeouts: {implicit: 0, pageLoad: 300000, script: 30000}, unhandledPromptBehavior: dismiss and notify, webauthn:extension:credBlob: true, webauthn:extension:largeBlob: true, webauthn:virtualAuthenticators: true}
Session ID: cab2d1b56b31112c601d4b8a1afb19e8" type="org.openqa.selenium.NoSuchElementException">
      <![CDATA[org.openqa.selenium.NoSuchElementException: no such element: Unable to locate element: {"method":"xpath","selector":"//tbody/tr[1]/td[7]"}
  (Session info: chrome=102.0.5005.63)
For documentation on this error, please visit: https://selenium.dev/exceptions/#no_such_element
Build info: version: '4.1.3', revision: '7b1ebf28ef'
System info: host: 'DESKTOP-P4GJM8J', ip: '192.168.0.182', os.name: 'Windows 10', os.arch: 'amd64', os.version: '10.0', java.version: '16.0.2'
Driver info: org.openqa.selenium.chrome.ChromeDriver
Command: [cab2d1b56b31112c601d4b8a1afb19e8, findElement {using=xpath, value=//tbody/tr[1]/td[7]}]
Capabilities {acceptInsecureCerts: false, browserName: chrome, browserVersion: 102.0.5005.63, chrome: {chromedriverVersion: 101.0.4951.41 (93c720db8323..., userDataDir: C:\Users\Ramesh\AppData\Loc...}, goog:chromeOptions: {debuggerAddress: localhost:60738}, javascriptEnabled: true, networkConnectionEnabled: false, pageLoadStrategy: normal, platform: WINDOWS, platformName: WINDOWS, proxy: Proxy(), se:cdp: ws://localhost:60738/devtoo..., se:cdpVersion: 102.0.5005.63, setWindowRect: true, strictFileInteractability: false, timeouts: {implicit: 0, pageLoad: 300000, script: 30000}, unhandledPromptBehavior: dismiss and notify, webauthn:extension:credBlob: true, webauthn:extension:largeBlob: true, webauthn:virtualAuthenticators: true}
Session ID: cab2d1b56b31112c601d4b8a1afb19e8
at java.base/jdk.internal.reflect.NativeConstructorAccessorImpl.newInstance0(Native Method)
at java.base/jdk.internal.reflect.NativeConstructorAccessorImpl.newInstance(NativeConstructorAccessorImpl.java:78)
at java.base/jdk.internal.reflect.DelegatingConstructorAccessorImpl.newInstance(DelegatingConstructorAccessorImpl.java:45)
at java.base/java.lang.reflect.Constructor.newInstanceWithCaller(Constructor.java:499)
at java.base/java.lang.reflect.Constructor.newInstance(Constructor.java:480)
at org.openqa.selenium.remote.codec.w3c.W3CHttpResponseCodec.createException(W3CHttpResponseCodec.java:200)
at org.openqa.selenium.remote.codec.w3c.W3CHttpResponseCodec.decode(W3CHttpResponseCodec.java:133)
at org.openqa.selenium.remote.codec.w3c.W3CHttpResponseCodec.decode(W3CHttpResponseCodec.java:53)
at org.openqa.selenium.remote.HttpCommandExecutor.execute(HttpCommandExecutor.java:184)
at org.openqa.selenium.remote.service.DriverCommandExecutor.invokeExecute(DriverCommandExecutor.java:167)
at org.openqa.selenium.remote.service.DriverCommandExecutor.execute(DriverCommandExecutor.java:142)
at org.openqa.selenium.remote.RemoteWebDriver.execute(RemoteWebDriver.java:567)
at org.openqa.selenium.remote.ElementLocation$ElementFinder$2.findElement(ElementLocation.java:162)
at org.openqa.selenium.remote.ElementLocation.findElement(ElementLocation.java:60)
at org.openqa.selenium.remote.RemoteWebDriver.findElement(RemoteWebDriver.java:385)
at org.openqa.selenium.remote.RemoteWebDriver.findElement(RemoteWebDriver.java:377)
at Testcases2.Users_Page_Testcases.Check_filter_for_Admin_Option(Users_Page_Testcases.java:383)
at java.base/jdk.internal.reflect.NativeMethodAccessorImpl.invoke0(Native Method)
at java.base/jdk.internal.reflect.NativeMethodAccessorImpl.invoke(NativeMethodAccessorImpl.java:78)
at java.base/jdk.internal.reflect.DelegatingMethodAccessorImpl.invoke(DelegatingMethodAccessorImpl.java:43)
at java.base/java.lang.reflect.Method.invoke(Method.java:567)
at org.testng.internal.MethodInvocationHelper.invokeMethod(MethodInvocationHelper.java:133)
at org.testng.internal.TestInvoker.invokeMethod(TestInvoker.java:598)
at org.testng.internal.TestInvoker.invokeTestMethod(TestInvoker.java:173)
at org.testng.internal.MethodRunner.runInSequence(MethodRunner.java:46)
at org.testng.internal.TestInvoker$MethodInvocationAgent.invoke(TestInvoker.java:824)
at org.testng.internal.TestInvoker.invokeTestMethods(TestInvoker.java:146)
at org.testng.internal.TestMethodWorker.invokeTestMethods(TestMethodWorker.java:146)
at org.testng.internal.TestMethodWorker.run(TestMethodWorker.java:128)
at java.base/java.util.ArrayList.forEach(ArrayList.java:1511)
at org.testng.TestRunner.privateRun(TestRunner.java:794)
at org.testng.TestRunner.run(TestRunner.java:596)
at org.testng.SuiteRunner.runTest(SuiteRunner.java:377)
at org.testng.SuiteRunner.runSequentially(SuiteRunner.java:371)
at org.testng.SuiteRunner.privateRun(SuiteRunner.java:332)
at org.testng.SuiteRunner.run(SuiteRunner.java:276)
at org.testng.SuiteRunnerWorker.runSuite(SuiteRunnerWorker.java:53)
at org.testng.SuiteRunnerWorker.run(SuiteRunnerWorker.java:96)
at org.testng.TestNG.runSuitesSequentially(TestNG.java:1212)
at org.testng.TestNG.runSuitesLocally(TestNG.java:1134)
at org.testng.TestNG.runSuites(TestNG.java:1063)
at org.testng.TestNG.run(TestNG.java:1031)
at org.testng.remote.AbstractRemoteTestNG.run(AbstractRemoteTestNG.java:115)
at org.testng.remote.RemoteTestNG.initAndRun(RemoteTestNG.java:251)
at org.testng.remote.RemoteTestNG.main(RemoteTestNG.java:77)
]]>
    </error>
  </testcase> <!-- Check_filter_for_Admin_Option -->
  <system-out/>
  <testcase classname="Testcases2.Users_Page_Testcases" name="Select_Back_Office_Option" time="0.228"/>
  <system-out/>
  <testcase classname="Testcases2.Users_Page_Testcases" name="Select_Support_Option" time="0.182"/>
  <system-out/>
  <testcase classname="Testcases2.Users_Page_Testcases" name="Check_filter_for_support_Option" time="0.273"/>
  <system-out/>
  <testcase classname="Testcases2.Users_Page_Testcases" name="Select_staff_Option" time="0.196"/>
  <system-out/>
  <testcase classname="Testcases2.Users_Page_Testcases" name="Check_filter_for_staff_Option" time="0.201"/>
  <system-out/>
  <testcase classname="Testcases2.Users_Page_Testcases" name="Select_Customer_Option" time="0.205"/>
  <system-out/>
  <testcase classname="Testcases2.Users_Page_Testcases" name="Check_filter_for_Customer_Option" time="0.213"/>
  <system-out/>
  <testcase classname="Testcases2.Users_Page_Testcases" name="Add_Users_button_display" time="0.044"/>
  <system-out/>
  <testcase classname="Testcases2.Users_Page_Testcases" name="Add_Users_icon_display" time="0.042"/>
  <system-out/>
  <testcase classname="Testcases2.Users_Page_Testcases" name="Check_Add_Users_button_Functionality" time="5.324"/>
  <system-out/>
  <testcase classname="Testcases2.Users_Page_Testcases" name="Check_Add_Users_icon_Functionality" time="10.332"/>
  <system-out/>
  <testcase classname="Testcases2.Users_Page_Testcases" name="Back_to_list_button_display" time="10.256"/>
  <system-out/>
  <testcase classname="Testcases2.Users_Page_Testcases" name="Back_to_list_button_clickable" time="5.199"/>
  <system-out/>
  <testcase classname="Testcases2.Users_Page_Testcases" name="edit_User_icon_display" time="0.057"/>
  <system-out/>
  <testcase classname="Testcases2.Users_Page_Testcases" name="edit_user_icon_functionality" time="5.203"/>
  <system-out/>
  <testcase classname="Testcases2.Users_Page_Testcases" name="Back_to_list_button_on_User_Profile_Page" time="0.033"/>
  <system-out/>
  <testcase classname="Testcases2.Users_Page_Testcases" name="Check_Back_to_list_button_Functinality_on_User_Profile_Page" time="5.210"/>
  <system-out/>
  <testcase classname="Testcases2.Users_Page_Testcases" name="Update_button_functionality_on_User_Profile_page" time="23.851"/>
  <system-out/>
  <testcase classname="Testcases2.Users_Page_Testcases" name="updated_data_succssfully_save_and_reflected_on_users_home_page" time="23.667">
    <failure message="expected [AdityaAmitAmit] but found [Amit]" type="java.lang.AssertionError">
      <![CDATA[java.lang.AssertionError: expected [AdityaAmitAmit] but found [Amit]
at org.testng.Assert.fail(Assert.java:99)
at org.testng.Assert.failNotEquals(Assert.java:1037)
at org.testng.Assert.assertEqualsImpl(Assert.java:140)
at org.testng.Assert.assertEquals(Assert.java:122)
at org.testng.Assert.assertEquals(Assert.java:629)
at org.testng.Assert.assertEquals(Assert.java:639)
at Testcases2.Users_Page_Testcases.updated_data_succssfully_save_and_reflected_on_users_home_page(Users_Page_Testcases.java:638)
at java.base/jdk.internal.reflect.NativeMethodAccessorImpl.invoke0(Native Method)
at java.base/jdk.internal.reflect.NativeMethodAccessorImpl.invoke(NativeMethodAccessorImpl.java:78)
at java.base/jdk.internal.reflect.DelegatingMethodAccessorImpl.invoke(DelegatingMethodAccessorImpl.java:43)
at java.base/java.lang.reflect.Method.invoke(Method.java:567)
at org.testng.internal.MethodInvocationHelper.invokeMethod(MethodInvocationHelper.java:133)
at org.testng.internal.TestInvoker.invokeMethod(TestInvoker.java:598)
at org.testng.internal.TestInvoker.invokeTestMethod(TestInvoker.java:173)
at org.testng.internal.MethodRunner.runInSequence(MethodRunner.java:46)
at org.testng.internal.TestInvoker$MethodInvocationAgent.invoke(TestInvoker.java:824)
at org.testng.internal.TestInvoker.invokeTestMethods(TestInvoker.java:146)
at org.testng.internal.TestMethodWorker.invokeTestMethods(TestMethodWorker.java:146)
at org.testng.internal.TestMethodWorker.run(TestMethodWorker.java:128)
at java.base/java.util.ArrayList.forEach(ArrayList.java:1511)
at org.testng.TestRunner.privateRun(TestRunner.java:794)
at org.testng.TestRunner.run(TestRunner.java:596)
at org.testng.SuiteRunner.runTest(SuiteRunner.java:377)
at org.testng.SuiteRunner.runSequentially(SuiteRunner.java:371)
at org.testng.SuiteRunner.privateRun(SuiteRunner.java:332)
at org.testng.SuiteRunner.run(SuiteRunner.java:276)
at org.testng.SuiteRunnerWorker.runSuite(SuiteRunnerWorker.java:53)
at org.testng.SuiteRunnerWorker.run(SuiteRunnerWorker.java:96)
at org.testng.TestNG.runSuitesSequentially(TestNG.java:1212)
at org.testng.TestNG.runSuitesLocally(TestNG.java:1134)
at org.testng.TestNG.runSuites(TestNG.java:1063)
at org.testng.TestNG.run(TestNG.java:1031)
at org.testng.remote.AbstractRemoteTestNG.run(AbstractRemoteTestNG.java:115)
at org.testng.remote.RemoteTestNG.initAndRun(RemoteTestNG.java:251)
at org.testng.remote.RemoteTestNG.main(RemoteTestNG.java:77)
]]>
    </failure>
  </testcase> <!-- updated_data_succssfully_save_and_reflected_on_users_home_page -->
  <system-out/>
  <testcase classname="Testcases2.Users_Page_Testcases" name="Add_user_page_mandatory_field_contain_mandatory_error_message" time="16.391"/>
  <system-out/>
  <testcase classname="Testcases2.Users_Page_Testcases" name="check_error_message_for_invalid_email" time="6.522"/>
  <system-out/>
  <testcase classname="Testcases2.Users_Page_Testcases" name="check_error_message_for_lessthan_ninedigit_phone_number" time="6.170"/>
  <system-out/>
  <testcase classname="Testcases2.Users_Page_Testcases" name="check_error_message_for_lessthan_sixdigit_zipcode" time="6.138"/>
  <system-out/>
  <testcase classname="Testcases2.Users_Page_Testcases" name="Add_new_user" time="22.967"/>
  <system-out/>
</testsuite> <!-- Testcases2.Users_Page_Testcases -->
