<?xml version="1.0" encoding="UTF-8"?>
<!-- Generated by org.testng.reporters.JUnitReportReporter -->
<testsuite hostname="DESKTOP-P4GJM8J" failures="0" tests="30" name="Testcases2.MerchantMenu_Customer_Testcases" time="141.711" errors="0" timestamp="2022-06-06T15:26:32 IST" skipped="0">
  <testcase classname="Testcases2.MerchantMenu_Customer_Testcases" name="Login" time="16.806"/>
  <system-out/>
  <testcase classname="Testcases2.MerchantMenu_Customer_Testcases" name="Check_Merchant_menu_display" time="0.592"/>
  <system-out/>
  <testcase classname="Testcases2.MerchantMenu_Customer_Testcases" name="Check_Merchant_menu_clickable" time="10.309"/>
  <system-out/>
  <testcase classname="Testcases2.MerchantMenu_Customer_Testcases" name="Check_Customer_menu_display" time="0.187"/>
  <system-out/>
  <testcase classname="Testcases2.MerchantMenu_Customer_Testcases" name="Check_Customer_menu_Clickable" time="5.293"/>
  <system-out/>
  <testcase classname="Testcases2.MerchantMenu_Customer_Testcases" name="Check_Customer_webpage_title" time="0.046"/>
  <system-out/>
  <testcase classname="Testcases2.MerchantMenu_Customer_Testcases" name="check_Merchant_Customers_page_header" time="0.148"/>
  <system-out/>
  <testcase classname="Testcases2.MerchantMenu_Customer_Testcases" name="State_field_label_txt" time="0.148"/>
  <system-out/>
  <testcase classname="Testcases2.MerchantMenu_Customer_Testcases" name="Check_State_field_displayed" time="0.144"/>
  <system-out/>
  <testcase classname="Testcases2.MerchantMenu_Customer_Testcases" name="Check_State_field_clickable" time="7.501"/>
  <system-out/>
  <testcase classname="Testcases2.MerchantMenu_Customer_Testcases" name="City_field_label_txt" time="0.128"/>
  <system-out/>
  <testcase classname="Testcases2.MerchantMenu_Customer_Testcases" name="Check_City_field_displayed" time="0.145"/>
  <system-out/>
  <testcase classname="Testcases2.MerchantMenu_Customer_Testcases" name="Check_City_field_clickable" time="24.758"/>
  <system-out/>
  <testcase classname="Testcases2.MerchantMenu_Customer_Testcases" name="Start_Date_field_label_text" time="0.114"/>
  <system-out/>
  <testcase classname="Testcases2.MerchantMenu_Customer_Testcases" name="Check_Start_Date_field_display" time="0.135"/>
  <system-out/>
  <testcase classname="Testcases2.MerchantMenu_Customer_Testcases" name="Check_Start_Date_field_clickable" time="10.597"/>
  <system-out/>
  <testcase classname="Testcases2.MerchantMenu_Customer_Testcases" name="End_Date_field_label_text" time="0.161"/>
  <system-out/>
  <testcase classname="Testcases2.MerchantMenu_Customer_Testcases" name="Check_End_Date_field_display" time="0.140"/>
  <system-out/>
  <testcase classname="Testcases2.MerchantMenu_Customer_Testcases" name="Check_End_Date_field_clickable" time="5.383"/>
  <system-out/>
  <testcase classname="Testcases2.MerchantMenu_Customer_Testcases" name="Check_select_columnName_field_visibility" time="0.224"/>
  <system-out/>
  <testcase classname="Testcases2.MerchantMenu_Customer_Testcases" name="Check_select_columnName_field_placeholder" time="0.532"/>
  <system-out/>
  <testcase classname="Testcases2.MerchantMenu_Customer_Testcases" name="Check_Search_field_displayed" time="5.104"/>
  <system-out/>
  <testcase classname="Testcases2.MerchantMenu_Customer_Testcases" name="Check_Search_field_editable" time="5.412"/>
  <system-out/>
  <testcase classname="Testcases2.MerchantMenu_Customer_Testcases" name="Check_search_field_placeholder" time="5.385"/>
  <system-out/>
  <testcase classname="Testcases2.MerchantMenu_Customer_Testcases" name="Check_search_button_visibility" time="0.101"/>
  <system-out/>
  <testcase classname="Testcases2.MerchantMenu_Customer_Testcases" name="Check_Clear_button_displayed" time="0.081"/>
  <system-out/>
  <testcase classname="Testcases2.MerchantMenu_Customer_Testcases" name="Check_Clear_functionality" time="11.386"/>
  <system-out/>
  <testcase classname="Testcases2.MerchantMenu_Customer_Testcases" name="Check_Search_functionality" time="20.105"/>
  <system-out/>
  <testcase classname="Testcases2.MerchantMenu_Customer_Testcases" name="Check_View_customer_icon_visibility" time="0.120"/>
  <system-out/>
  <testcase classname="Testcases2.MerchantMenu_Customer_Testcases" name="Check_View_customer_icon_clickable" time="10.526"/>
  <system-out/>
</testsuite> <!-- Testcases2.MerchantMenu_Customer_Testcases -->
