<?xml version="1.0" encoding="UTF-8"?>
<!-- Generated by org.testng.reporters.JUnitReportReporter -->
<testsuite hostname="DESKTOP-IO56PCV" failures="0" tests="54" name="Testcases2.Admin_Merchants_Reastaurant_Page_Testcases" time="275.786" errors="2" timestamp="2022-08-01T12:13:04 IST" skipped="0">
  <testcase classname="Testcases2.Admin_Merchants_Reastaurant_Page_Testcases" name="Login" time="12.894"/>
  <system-out/>
  <testcase classname="Testcases2.Admin_Merchants_Reastaurant_Page_Testcases" name="Check_Admin_menu_clickable" time="5.091"/>
  <system-out/>
  <testcase classname="Testcases2.Admin_Merchants_Reastaurant_Page_Testcases" name="Check_Merchants_menu_display" time="0.065"/>
  <system-out/>
  <testcase classname="Testcases2.Admin_Merchants_Reastaurant_Page_Testcases" name="Check_Merchants_menu_Clickable" time="5.070"/>
  <system-out/>
  <testcase classname="Testcases2.Admin_Merchants_Reastaurant_Page_Testcases" name="Check_Merchants_webpage_title" time="0.029"/>
  <system-out/>
  <testcase classname="Testcases2.Admin_Merchants_Reastaurant_Page_Testcases" name="check_Merchants_page_header" time="0.042"/>
  <system-out/>
  <testcase classname="Testcases2.Admin_Merchants_Reastaurant_Page_Testcases" name="Merchants_field_label_text" time="0.028"/>
  <system-out/>
  <testcase classname="Testcases2.Admin_Merchants_Reastaurant_Page_Testcases" name="Check_Merchant_field_display" time="0.035"/>
  <system-out/>
  <testcase classname="Testcases2.Admin_Merchants_Reastaurant_Page_Testcases" name="placeholder_text_of_Merchants_field" time="0.093"/>
  <system-out/>
  <testcase classname="Testcases2.Admin_Merchants_Reastaurant_Page_Testcases" name="Select_Reastaurant_Merchant_Type" time="0.155"/>
  <system-out/>
  <testcase classname="Testcases2.Admin_Merchants_Reastaurant_Page_Testcases" name="select_Reastaurant_option_then_only_reastaurant_result_displayed_in_table" time="5.184"/>
  <system-out/>
  <testcase classname="Testcases2.Admin_Merchants_Reastaurant_Page_Testcases" name="Select_Hotel_Merchant_Type" time="5.219"/>
  <system-out/>
  <testcase classname="Testcases2.Admin_Merchants_Reastaurant_Page_Testcases" name="select_Hotel_option_then_only_hotel_result_displayed_in_table" time="5.134"/>
  <system-out/>
  <testcase classname="Testcases2.Admin_Merchants_Reastaurant_Page_Testcases" name="Status_field_label_text" time="0.040"/>
  <system-out/>
  <testcase classname="Testcases2.Admin_Merchants_Reastaurant_Page_Testcases" name="Check_Status_field_display" time="0.037"/>
  <system-out/>
  <testcase classname="Testcases2.Admin_Merchants_Reastaurant_Page_Testcases" name="placeholder_text_of_Status_field" time="0.083"/>
  <system-out/>
  <testcase classname="Testcases2.Admin_Merchants_Reastaurant_Page_Testcases" name="Select_Active_Status_Type" time="0.153"/>
  <system-out/>
  <testcase classname="Testcases2.Admin_Merchants_Reastaurant_Page_Testcases" name="Select_Active_Status_Type_then_display_only_active_records_in_table" time="5.187"/>
  <system-out/>
  <testcase classname="Testcases2.Admin_Merchants_Reastaurant_Page_Testcases" name="Select_InActive_Status_Type" time="0.205"/>
  <system-out/>
  <testcase classname="Testcases2.Admin_Merchants_Reastaurant_Page_Testcases" name="State_field_label_text" time="0.044"/>
  <system-out/>
  <testcase classname="Testcases2.Admin_Merchants_Reastaurant_Page_Testcases" name="Check_State_field_display" time="0.128"/>
  <system-out/>
  <testcase classname="Testcases2.Admin_Merchants_Reastaurant_Page_Testcases" name="placeholder_text_of_State_field" time="0.114"/>
  <system-out/>
  <testcase classname="Testcases2.Admin_Merchants_Reastaurant_Page_Testcases" name="Select_state_option_from_dropdownlist" time="0.443"/>
  <system-out/>
  <testcase classname="Testcases2.Admin_Merchants_Reastaurant_Page_Testcases" name="result_contain_selected_state" time="13.606"/>
  <system-out/>
  <testcase classname="Testcases2.Admin_Merchants_Reastaurant_Page_Testcases" name="City_field_label_text" time="5.061"/>
  <system-out/>
  <testcase classname="Testcases2.Admin_Merchants_Reastaurant_Page_Testcases" name="Check_City_field_display" time="0.033"/>
  <system-out/>
  <testcase classname="Testcases2.Admin_Merchants_Reastaurant_Page_Testcases" name="placeholder_text_of_City_field" time="0.081"/>
  <system-out/>
  <testcase classname="Testcases2.Admin_Merchants_Reastaurant_Page_Testcases" name="Select_City_option_from_dropdownlist" time="11.083"/>
  <system-out/>
  <testcase classname="Testcases2.Admin_Merchants_Reastaurant_Page_Testcases" name="result_contain_selected_city" time="18.617"/>
  <system-out/>
  <testcase classname="Testcases2.Admin_Merchants_Reastaurant_Page_Testcases" name="Check_Searh_column_name_field_display" time="5.073"/>
  <system-out/>
  <testcase classname="Testcases2.Admin_Merchants_Reastaurant_Page_Testcases" name="placeholder_text_of_Search_column_name_field" time="5.096"/>
  <system-out/>
  <testcase classname="Testcases2.Admin_Merchants_Reastaurant_Page_Testcases" name="Check_search_functionality_for_MerchantID_option" time="10.430"/>
  <system-out/>
  <testcase classname="Testcases2.Admin_Merchants_Reastaurant_Page_Testcases" name="Check_search_functionality_for_MerchantName_option" time="10.460"/>
  <system-out/>
  <testcase classname="Testcases2.Admin_Merchants_Reastaurant_Page_Testcases" name="Check_search_functionality_for_Referral_Code_option" time="10.405"/>
  <system-out/>
  <testcase classname="Testcases2.Admin_Merchants_Reastaurant_Page_Testcases" name="Check_Searh_field_display" time="7.047"/>
  <system-out/>
  <testcase classname="Testcases2.Admin_Merchants_Reastaurant_Page_Testcases" name="placeholder_text_of_Search_field" time="5.127"/>
  <system-out/>
  <testcase classname="Testcases2.Admin_Merchants_Reastaurant_Page_Testcases" name="Search_functionlity" time="11.441"/>
  <system-out/>
  <testcase classname="Testcases2.Admin_Merchants_Reastaurant_Page_Testcases" name="Check_Clear_field_display" time="5.065"/>
  <system-out/>
  <testcase classname="Testcases2.Admin_Merchants_Reastaurant_Page_Testcases" name="Clear_functionlity" time="21.276"/>
  <system-out/>
  <testcase classname="Testcases2.Admin_Merchants_Reastaurant_Page_Testcases" name="Check_Add_merchant_button_display" time="0.025"/>
  <system-out/>
  <testcase classname="Testcases2.Admin_Merchants_Reastaurant_Page_Testcases" name="Check_Add_merchant_icon_display" time="0.029"/>
  <system-out/>
  <testcase classname="Testcases2.Admin_Merchants_Reastaurant_Page_Testcases" name="Check_edit_icon_display" time="0.027"/>
  <system-out/>
  <testcase classname="Testcases2.Admin_Merchants_Reastaurant_Page_Testcases" name="Check_view_icon_display" time="0.027"/>
  <system-out/>
  <testcase classname="Testcases2.Admin_Merchants_Reastaurant_Page_Testcases" name="Check_scan_icon_display" time="0.035"/>
  <system-out/>
  <testcase classname="Testcases2.Admin_Merchants_Reastaurant_Page_Testcases" name="edit_icon_clickable" time="10.292"/>
  <system-out/>
  <testcase classname="Testcases2.Admin_Merchants_Reastaurant_Page_Testcases" name="view_icon_clickable" time="11.339"/>
  <system-out/>
  <testcase classname="Testcases2.Admin_Merchants_Reastaurant_Page_Testcases" name="scan_icon_clickable" time="11.283"/>
  <system-out/>
  <testcase classname="Testcases2.Admin_Merchants_Reastaurant_Page_Testcases" name="upload_QRCode_button_visibility" time="0.030"/>
  <system-out/>
  <testcase classname="Testcases2.Admin_Merchants_Reastaurant_Page_Testcases" name="close_icon_visibility" time="0.028"/>
  <system-out/>
  <testcase classname="Testcases2.Admin_Merchants_Reastaurant_Page_Testcases" name="close_icon_functinality" time="5.116"/>
  <system-out/>
  <testcase classname="Testcases2.Admin_Merchants_Reastaurant_Page_Testcases" name="Check_Add_merchant_button_clickable" time="5.169"/>
  <system-out/>
  <testcase classname="Testcases2.Admin_Merchants_Reastaurant_Page_Testcases" name="Check_Add_merchant_icon_clickable" time="10.201"/>
  <system-out/>
  <testcase classname="Testcases2.Admin_Merchants_Reastaurant_Page_Testcases" name="Check_edit_merchant_functionality" time="5.134">
    <error message="element not interactable
  (Session info: chrome=103.0.5060.134)
Build info: version: &#039;4.1.3&#039;, revision: &#039;7b1ebf28ef&#039;
System info: host: &#039;DESKTOP-IO56PCV&#039;, ip: &#039;192.168.0.161&#039;, os.name: &#039;Windows 10&#039;, os.arch: &#039;amd64&#039;, os.version: &#039;10.0&#039;, java.version: &#039;17.0.2&#039;
Driver info: org.openqa.selenium.chrome.ChromeDriver
Command: [fcf5d8aa213cb8d2c9bc9ef61cc9f206, clickElement {id=8ad02c7c-32e4-4855-9272-ad6e34d30899}]
Capabilities {acceptInsecureCerts: false, browserName: chrome, browserVersion: 103.0.5060.134, chrome: {chromedriverVersion: 102.0.5005.61 (0e59bcc00cc4..., userDataDir: C:\Users\Admin\AppData\Loca...}, goog:chromeOptions: {debuggerAddress: localhost:61962}, javascriptEnabled: true, networkConnectionEnabled: false, pageLoadStrategy: normal, platform: WINDOWS, platformName: WINDOWS, proxy: Proxy(), se:cdp: ws://localhost:61962/devtoo..., se:cdpVersion: 103.0.5060.134, setWindowRect: true, strictFileInteractability: false, timeouts: {implicit: 0, pageLoad: 300000, script: 30000}, unhandledPromptBehavior: dismiss and notify, webauthn:extension:credBlob: true, webauthn:extension:largeBlob: true, webauthn:virtualAuthenticators: true}
Element: [[ChromeDriver: chrome on WINDOWS (fcf5d8aa213cb8d2c9bc9ef61cc9f206)] -&gt; xpath: //span[contains(text(),&#039;Merchants&#039;)]]
Session ID: fcf5d8aa213cb8d2c9bc9ef61cc9f206" type="org.openqa.selenium.ElementNotInteractableException">
      <![CDATA[org.openqa.selenium.ElementNotInteractableException: element not interactable
  (Session info: chrome=103.0.5060.134)
Build info: version: '4.1.3', revision: '7b1ebf28ef'
System info: host: 'DESKTOP-IO56PCV', ip: '192.168.0.161', os.name: 'Windows 10', os.arch: 'amd64', os.version: '10.0', java.version: '17.0.2'
Driver info: org.openqa.selenium.chrome.ChromeDriver
Command: [fcf5d8aa213cb8d2c9bc9ef61cc9f206, clickElement {id=8ad02c7c-32e4-4855-9272-ad6e34d30899}]
Capabilities {acceptInsecureCerts: false, browserName: chrome, browserVersion: 103.0.5060.134, chrome: {chromedriverVersion: 102.0.5005.61 (0e59bcc00cc4..., userDataDir: C:\Users\Admin\AppData\Loca...}, goog:chromeOptions: {debuggerAddress: localhost:61962}, javascriptEnabled: true, networkConnectionEnabled: false, pageLoadStrategy: normal, platform: WINDOWS, platformName: WINDOWS, proxy: Proxy(), se:cdp: ws://localhost:61962/devtoo..., se:cdpVersion: 103.0.5060.134, setWindowRect: true, strictFileInteractability: false, timeouts: {implicit: 0, pageLoad: 300000, script: 30000}, unhandledPromptBehavior: dismiss and notify, webauthn:extension:credBlob: true, webauthn:extension:largeBlob: true, webauthn:virtualAuthenticators: true}
Element: [[ChromeDriver: chrome on WINDOWS (fcf5d8aa213cb8d2c9bc9ef61cc9f206)] -> xpath: //span[contains(text(),'Merchants')]]
Session ID: fcf5d8aa213cb8d2c9bc9ef61cc9f206
at java.base/jdk.internal.reflect.NativeConstructorAccessorImpl.newInstance0(Native Method)
at java.base/jdk.internal.reflect.NativeConstructorAccessorImpl.newInstance(NativeConstructorAccessorImpl.java:77)
at java.base/jdk.internal.reflect.DelegatingConstructorAccessorImpl.newInstance(DelegatingConstructorAccessorImpl.java:45)
at java.base/java.lang.reflect.Constructor.newInstanceWithCaller(Constructor.java:499)
at java.base/java.lang.reflect.Constructor.newInstance(Constructor.java:480)
at org.openqa.selenium.remote.codec.w3c.W3CHttpResponseCodec.createException(W3CHttpResponseCodec.java:200)
at org.openqa.selenium.remote.codec.w3c.W3CHttpResponseCodec.decode(W3CHttpResponseCodec.java:133)
at org.openqa.selenium.remote.codec.w3c.W3CHttpResponseCodec.decode(W3CHttpResponseCodec.java:53)
at org.openqa.selenium.remote.HttpCommandExecutor.execute(HttpCommandExecutor.java:184)
at org.openqa.selenium.remote.service.DriverCommandExecutor.invokeExecute(DriverCommandExecutor.java:167)
at org.openqa.selenium.remote.service.DriverCommandExecutor.execute(DriverCommandExecutor.java:142)
at org.openqa.selenium.remote.RemoteWebDriver.execute(RemoteWebDriver.java:567)
at org.openqa.selenium.remote.RemoteWebElement.execute(RemoteWebElement.java:251)
at org.openqa.selenium.remote.RemoteWebElement.click(RemoteWebElement.java:77)
at Testcases2.Admin_Merchants_Reastaurant_Page_Testcases.Check_edit_merchant_functionality(Admin_Merchants_Reastaurant_Page_Testcases.java:677)
at java.base/jdk.internal.reflect.NativeMethodAccessorImpl.invoke0(Native Method)
at java.base/jdk.internal.reflect.NativeMethodAccessorImpl.invoke(NativeMethodAccessorImpl.java:77)
at java.base/jdk.internal.reflect.DelegatingMethodAccessorImpl.invoke(DelegatingMethodAccessorImpl.java:43)
at java.base/java.lang.reflect.Method.invoke(Method.java:568)
at org.testng.internal.MethodInvocationHelper.invokeMethod(MethodInvocationHelper.java:133)
at org.testng.internal.TestInvoker.invokeMethod(TestInvoker.java:598)
at org.testng.internal.TestInvoker.invokeTestMethod(TestInvoker.java:173)
at org.testng.internal.MethodRunner.runInSequence(MethodRunner.java:46)
at org.testng.internal.TestInvoker$MethodInvocationAgent.invoke(TestInvoker.java:824)
at org.testng.internal.TestInvoker.invokeTestMethods(TestInvoker.java:146)
at org.testng.internal.TestMethodWorker.invokeTestMethods(TestMethodWorker.java:146)
at org.testng.internal.TestMethodWorker.run(TestMethodWorker.java:128)
at java.base/java.util.ArrayList.forEach(ArrayList.java:1511)
at org.testng.TestRunner.privateRun(TestRunner.java:794)
at org.testng.TestRunner.run(TestRunner.java:596)
at org.testng.SuiteRunner.runTest(SuiteRunner.java:377)
at org.testng.SuiteRunner.runSequentially(SuiteRunner.java:371)
at org.testng.SuiteRunner.privateRun(SuiteRunner.java:332)
at org.testng.SuiteRunner.run(SuiteRunner.java:276)
at org.testng.SuiteRunnerWorker.runSuite(SuiteRunnerWorker.java:53)
at org.testng.SuiteRunnerWorker.run(SuiteRunnerWorker.java:96)
at org.testng.TestNG.runSuitesSequentially(TestNG.java:1212)
at org.testng.TestNG.runSuitesLocally(TestNG.java:1134)
at org.testng.TestNG.runSuites(TestNG.java:1063)
at org.testng.TestNG.run(TestNG.java:1031)
at org.testng.remote.AbstractRemoteTestNG.run(AbstractRemoteTestNG.java:115)
at org.testng.remote.RemoteTestNG.initAndRun(RemoteTestNG.java:251)
at org.testng.remote.RemoteTestNG.main(RemoteTestNG.java:77)
]]>
    </error>
  </testcase> <!-- Check_edit_merchant_functionality -->
  <system-out/>
  <testcase classname="Testcases2.Admin_Merchants_Reastaurant_Page_Testcases" name="add_restaurant" time="31.677">
    <error message="no such element: Unable to locate element: {&quot;method&quot;:&quot;xpath&quot;,&quot;selector&quot;:&quot;//body/app-root[1]/app-layout[1]/section[1]/div[1]/app-admin[1]/app-add-restaurant[1]/div[2]/div[1]/form[1]/div[1]/div[8]/div[2]/div[1]/label[2]/span[1]&quot;}
  (Session info: chrome=103.0.5060.134)
For documentation on this error, please visit: https://selenium.dev/exceptions/#no_such_element
Build info: version: &#039;4.1.3&#039;, revision: &#039;7b1ebf28ef&#039;
System info: host: &#039;DESKTOP-IO56PCV&#039;, ip: &#039;192.168.0.161&#039;, os.name: &#039;Windows 10&#039;, os.arch: &#039;amd64&#039;, os.version: &#039;10.0&#039;, java.version: &#039;17.0.2&#039;
Driver info: org.openqa.selenium.chrome.ChromeDriver
Command: [fcf5d8aa213cb8d2c9bc9ef61cc9f206, findElement {using=xpath, value=//body/app-root[1]/app-layout[1]/section[1]/div[1]/app-admin[1]/app-add-restaurant[1]/div[2]/div[1]/form[1]/div[1]/div[8]/div[2]/div[1]/label[2]/span[1]}]
Capabilities {acceptInsecureCerts: false, browserName: chrome, browserVersion: 103.0.5060.134, chrome: {chromedriverVersion: 102.0.5005.61 (0e59bcc00cc4..., userDataDir: C:\Users\Admin\AppData\Loca...}, goog:chromeOptions: {debuggerAddress: localhost:61962}, javascriptEnabled: true, networkConnectionEnabled: false, pageLoadStrategy: normal, platform: WINDOWS, platformName: WINDOWS, proxy: Proxy(), se:cdp: ws://localhost:61962/devtoo..., se:cdpVersion: 103.0.5060.134, setWindowRect: true, strictFileInteractability: false, timeouts: {implicit: 0, pageLoad: 300000, script: 30000}, unhandledPromptBehavior: dismiss and notify, webauthn:extension:credBlob: true, webauthn:extension:largeBlob: true, webauthn:virtualAuthenticators: true}
Session ID: fcf5d8aa213cb8d2c9bc9ef61cc9f206" type="org.openqa.selenium.NoSuchElementException">
      <![CDATA[org.openqa.selenium.NoSuchElementException: no such element: Unable to locate element: {"method":"xpath","selector":"//body/app-root[1]/app-layout[1]/section[1]/div[1]/app-admin[1]/app-add-restaurant[1]/div[2]/div[1]/form[1]/div[1]/div[8]/div[2]/div[1]/label[2]/span[1]"}
  (Session info: chrome=103.0.5060.134)
For documentation on this error, please visit: https://selenium.dev/exceptions/#no_such_element
Build info: version: '4.1.3', revision: '7b1ebf28ef'
System info: host: 'DESKTOP-IO56PCV', ip: '192.168.0.161', os.name: 'Windows 10', os.arch: 'amd64', os.version: '10.0', java.version: '17.0.2'
Driver info: org.openqa.selenium.chrome.ChromeDriver
Command: [fcf5d8aa213cb8d2c9bc9ef61cc9f206, findElement {using=xpath, value=//body/app-root[1]/app-layout[1]/section[1]/div[1]/app-admin[1]/app-add-restaurant[1]/div[2]/div[1]/form[1]/div[1]/div[8]/div[2]/div[1]/label[2]/span[1]}]
Capabilities {acceptInsecureCerts: false, browserName: chrome, browserVersion: 103.0.5060.134, chrome: {chromedriverVersion: 102.0.5005.61 (0e59bcc00cc4..., userDataDir: C:\Users\Admin\AppData\Loca...}, goog:chromeOptions: {debuggerAddress: localhost:61962}, javascriptEnabled: true, networkConnectionEnabled: false, pageLoadStrategy: normal, platform: WINDOWS, platformName: WINDOWS, proxy: Proxy(), se:cdp: ws://localhost:61962/devtoo..., se:cdpVersion: 103.0.5060.134, setWindowRect: true, strictFileInteractability: false, timeouts: {implicit: 0, pageLoad: 300000, script: 30000}, unhandledPromptBehavior: dismiss and notify, webauthn:extension:credBlob: true, webauthn:extension:largeBlob: true, webauthn:virtualAuthenticators: true}
Session ID: fcf5d8aa213cb8d2c9bc9ef61cc9f206
at java.base/jdk.internal.reflect.NativeConstructorAccessorImpl.newInstance0(Native Method)
at java.base/jdk.internal.reflect.NativeConstructorAccessorImpl.newInstance(NativeConstructorAccessorImpl.java:77)
at java.base/jdk.internal.reflect.DelegatingConstructorAccessorImpl.newInstance(DelegatingConstructorAccessorImpl.java:45)
at java.base/java.lang.reflect.Constructor.newInstanceWithCaller(Constructor.java:499)
at java.base/java.lang.reflect.Constructor.newInstance(Constructor.java:480)
at org.openqa.selenium.remote.codec.w3c.W3CHttpResponseCodec.createException(W3CHttpResponseCodec.java:200)
at org.openqa.selenium.remote.codec.w3c.W3CHttpResponseCodec.decode(W3CHttpResponseCodec.java:133)
at org.openqa.selenium.remote.codec.w3c.W3CHttpResponseCodec.decode(W3CHttpResponseCodec.java:53)
at org.openqa.selenium.remote.HttpCommandExecutor.execute(HttpCommandExecutor.java:184)
at org.openqa.selenium.remote.service.DriverCommandExecutor.invokeExecute(DriverCommandExecutor.java:167)
at org.openqa.selenium.remote.service.DriverCommandExecutor.execute(DriverCommandExecutor.java:142)
at org.openqa.selenium.remote.RemoteWebDriver.execute(RemoteWebDriver.java:567)
at org.openqa.selenium.remote.ElementLocation$ElementFinder$2.findElement(ElementLocation.java:162)
at org.openqa.selenium.remote.ElementLocation.findElement(ElementLocation.java:60)
at org.openqa.selenium.remote.RemoteWebDriver.findElement(RemoteWebDriver.java:385)
at org.openqa.selenium.remote.RemoteWebDriver.findElement(RemoteWebDriver.java:377)
at Testcases2.Admin_Merchants_Reastaurant_Page_Testcases.add_restaurant(Admin_Merchants_Reastaurant_Page_Testcases.java:748)
at java.base/jdk.internal.reflect.NativeMethodAccessorImpl.invoke0(Native Method)
at java.base/jdk.internal.reflect.NativeMethodAccessorImpl.invoke(NativeMethodAccessorImpl.java:77)
at java.base/jdk.internal.reflect.DelegatingMethodAccessorImpl.invoke(DelegatingMethodAccessorImpl.java:43)
at java.base/java.lang.reflect.Method.invoke(Method.java:568)
at org.testng.internal.MethodInvocationHelper.invokeMethod(MethodInvocationHelper.java:133)
at org.testng.internal.TestInvoker.invokeMethod(TestInvoker.java:598)
at org.testng.internal.TestInvoker.invokeTestMethod(TestInvoker.java:173)
at org.testng.internal.MethodRunner.runInSequence(MethodRunner.java:46)
at org.testng.internal.TestInvoker$MethodInvocationAgent.invoke(TestInvoker.java:824)
at org.testng.internal.TestInvoker.invokeTestMethods(TestInvoker.java:146)
at org.testng.internal.TestMethodWorker.invokeTestMethods(TestMethodWorker.java:146)
at org.testng.internal.TestMethodWorker.run(TestMethodWorker.java:128)
at java.base/java.util.ArrayList.forEach(ArrayList.java:1511)
at org.testng.TestRunner.privateRun(TestRunner.java:794)
at org.testng.TestRunner.run(TestRunner.java:596)
at org.testng.SuiteRunner.runTest(SuiteRunner.java:377)
at org.testng.SuiteRunner.runSequentially(SuiteRunner.java:371)
at org.testng.SuiteRunner.privateRun(SuiteRunner.java:332)
at org.testng.SuiteRunner.run(SuiteRunner.java:276)
at org.testng.SuiteRunnerWorker.runSuite(SuiteRunnerWorker.java:53)
at org.testng.SuiteRunnerWorker.run(SuiteRunnerWorker.java:96)
at org.testng.TestNG.runSuitesSequentially(TestNG.java:1212)
at org.testng.TestNG.runSuitesLocally(TestNG.java:1134)
at org.testng.TestNG.runSuites(TestNG.java:1063)
at org.testng.TestNG.run(TestNG.java:1031)
at org.testng.remote.AbstractRemoteTestNG.run(AbstractRemoteTestNG.java:115)
at org.testng.remote.RemoteTestNG.initAndRun(RemoteTestNG.java:251)
at org.testng.remote.RemoteTestNG.main(RemoteTestNG.java:77)
]]>
    </error>
  </testcase> <!-- add_restaurant -->
  <system-out/>
</testsuite> <!-- Testcases2.Admin_Merchants_Reastaurant_Page_Testcases -->
