<?xml version="1.0" encoding="UTF-8"?>
<!-- Generated by org.testng.reporters.JUnitReportReporter -->
<testsuite hostname="DESKTOP-P4GJM8J" failures="0" tests="26" name="Testcases2.Admin_offers_Testcases" time="113.878" errors="0" timestamp="2022-06-04T18:32:58 IST" skipped="0">
  <testcase classname="Testcases2.Admin_offers_Testcases" name="Login" time="13.784"/>
  <system-out/>
  <testcase classname="Testcases2.Admin_offers_Testcases" name="Check_Admin_menu_clickable" time="5.117"/>
  <system-out/>
  <testcase classname="Testcases2.Admin_offers_Testcases" name="Check_offers_menu_display" time="0.090"/>
  <system-out/>
  <testcase classname="Testcases2.Admin_offers_Testcases" name="Check_offers_menu_Clickable" time="5.111"/>
  <system-out/>
  <testcase classname="Testcases2.Admin_offers_Testcases" name="Check_offers_webpage_title" time="0.024"/>
  <system-out/>
  <testcase classname="Testcases2.Admin_offers_Testcases" name="check_offers_page_header" time="0.058"/>
  <system-out/>
  <testcase classname="Testcases2.Admin_offers_Testcases" name="Check_search_field_button_display" time="0.058"/>
  <system-out/>
  <testcase classname="Testcases2.Admin_offers_Testcases" name="Check_search_field_placeholder" time="0.127"/>
  <system-out/>
  <testcase classname="Testcases2.Admin_offers_Testcases" name="Check_search_functionality" time="4.307"/>
  <system-out/>
  <testcase classname="Testcases2.Admin_offers_Testcases" name="Check_search_functionality_record_does_not_exist" time="8.435"/>
  <system-out/>
  <testcase classname="Testcases2.Admin_offers_Testcases" name="Check_clear_button_visibility" time="0.053"/>
  <system-out/>
  <testcase classname="Testcases2.Admin_offers_Testcases" name="Check_clear_button_text" time="0.047"/>
  <system-out/>
  <testcase classname="Testcases2.Admin_offers_Testcases" name="Check_clear_button_functinality" time="0.256"/>
  <system-out/>
  <testcase classname="Testcases2.Admin_offers_Testcases" name="Check_Add_offer_button_display" time="0.075"/>
  <system-out/>
  <testcase classname="Testcases2.Admin_offers_Testcases" name="Check_Add_offer_icon_display" time="0.047"/>
  <system-out/>
  <testcase classname="Testcases2.Admin_offers_Testcases" name="text_of_Add_offer_button" time="0.037"/>
  <system-out/>
  <testcase classname="Testcases2.Admin_offers_Testcases" name="check_add_offer_icon_clickable" time="7.300"/>
  <system-out/>
  <testcase classname="Testcases2.Admin_offers_Testcases" name="check_view_offer_icon_display" time="5.076"/>
  <system-out/>
  <testcase classname="Testcases2.Admin_offers_Testcases" name="check_view_offer_icon_clickable" time="0.377"/>
  <system-out/>
  <testcase classname="Testcases2.Admin_offers_Testcases" name="check_add_offer_button_clickable" time="12.283"/>
  <system-out/>
  <testcase classname="Testcases2.Admin_offers_Testcases" name="Check_Add_offers_webpage_title" time="0.014"/>
  <system-out/>
  <testcase classname="Testcases2.Admin_offers_Testcases" name="check_clear_button_display" time="5.081"/>
  <system-out/>
  <testcase classname="Testcases2.Admin_offers_Testcases" name="check_save_button_display" time="5.080"/>
  <system-out/>
  <testcase classname="Testcases2.Admin_offers_Testcases" name="check_clear_button_clickable" time="7.211"/>
  <system-out/>
  <testcase classname="Testcases2.Admin_offers_Testcases" name="Check_mandatory_field_contain_field_required_message" time="5.733"/>
  <system-out/>
  <testcase classname="Testcases2.Admin_offers_Testcases" name="check_Add_offer_functinality" time="28.097"/>
  <system-out/>
</testsuite> <!-- Testcases2.Admin_offers_Testcases -->
