<?xml version="1.0" encoding="UTF-8"?>
<!-- Generated by org.testng.reporters.JUnitReportReporter -->
<testsuite hostname="DESKTOP-P4GJM8J" failures="0" tests="20" name="Testcases2.Admin_push_notification_Testcases" time="75.134" errors="0" timestamp="2022-06-06T00:37:46 IST" skipped="0">
  <testcase classname="Testcases2.Admin_push_notification_Testcases" name="Login" time="13.104"/>
  <system-out/>
  <testcase classname="Testcases2.Admin_push_notification_Testcases" name="Check_Admin_menu_clickable" time="5.154"/>
  <system-out/>
  <testcase classname="Testcases2.Admin_push_notification_Testcases" name="Check_push_notification_menu_display" time="0.099"/>
  <system-out/>
  <testcase classname="Testcases2.Admin_push_notification_Testcases" name="Check_push_notification_menu_Clickable" time="5.136"/>
  <system-out/>
  <testcase classname="Testcases2.Admin_push_notification_Testcases" name="Check_push_notification_webpage_title" time="0.044"/>
  <system-out/>
  <testcase classname="Testcases2.Admin_push_notification_Testcases" name="check_offers_page_header" time="0.076"/>
  <system-out/>
  <testcase classname="Testcases2.Admin_push_notification_Testcases" name="Check_search_field_display" time="0.068"/>
  <system-out/>
  <testcase classname="Testcases2.Admin_push_notification_Testcases" name="Check_search_field_placeholder" time="0.085"/>
  <system-out/>
  <testcase classname="Testcases2.Admin_push_notification_Testcases" name="Check_clear_button_display" time="0.050"/>
  <system-out/>
  <testcase classname="Testcases2.Admin_push_notification_Testcases" name="Check_clear_button_text" time="0.039"/>
  <system-out/>
  <testcase classname="Testcases2.Admin_push_notification_Testcases" name="Check_search_functionality" time="0.382"/>
  <system-out/>
  <testcase classname="Testcases2.Admin_push_notification_Testcases" name="Check_clear_functionality" time="8.621"/>
  <system-out/>
  <testcase classname="Testcases2.Admin_push_notification_Testcases" name="check_add_push_notification_icon_display" time="0.075"/>
  <system-out/>
  <testcase classname="Testcases2.Admin_push_notification_Testcases" name="check_add_push_notification_icon_clickable" time="10.380"/>
  <system-out/>
  <testcase classname="Testcases2.Admin_push_notification_Testcases" name="check_add_push_notification_button_display" time="5.402"/>
  <system-out/>
  <testcase classname="Testcases2.Admin_push_notification_Testcases" name="check_add_push_notification_button_clickable" time="5.288"/>
  <system-out/>
  <testcase classname="Testcases2.Admin_push_notification_Testcases" name="check_clear_button_display" time="0.055"/>
  <system-out/>
  <testcase classname="Testcases2.Admin_push_notification_Testcases" name="check_clear_button_functionality" time="3.477"/>
  <system-out/>
  <testcase classname="Testcases2.Admin_push_notification_Testcases" name="check_save_button_display" time="0.109"/>
  <system-out/>
  <testcase classname="Testcases2.Admin_push_notification_Testcases" name="check_add_push_notification_functinality_for_only_one_mobile_number" time="17.490"/>
  <system-out/>
</testsuite> <!-- Testcases2.Admin_push_notification_Testcases -->
